<?xml version="1.0" encoding="UTF-8"?>
<!-- Generated by org.testng.reporters.JUnitXMLReporter -->
<testsuite ignored="5" hostname="SarthakSyduAIO" failures="0" tests="1" name="Default test" time="6.93" errors="0" timestamp="05 Apr 2023 02:40:03 GMT">
  <testcase classname="com.rediff.qa.testcases.LoginTest" name="verifyRediffLoginWithInvalidUsernameAndInvalidPassword" time="0.568"/>
  <testcase classname="com.rediff.qa.testcases.LoginTest" name="verifyRediffLoginWithValidUsernameAndEmptyPassword" time="0.0">
    <ignored/>
  </testcase> <!-- verifyRediffLoginWithValidUsernameAndEmptyPassword -->
  <testcase classname="com.rediff.qa.testcases.LoginTest" name="verifyRediffLoginWithValidUsernameAndInvalidPassword" time="0.0">
    <ignored/>
  </testcase> <!-- verifyRediffLoginWithValidUsernameAndInvalidPassword -->
  <testcase classname="com.rediff.qa.testcases.LoginTest" name="verifyRediffLoginWithEmptyUsernameAndValidPassword" time="0.0">
    <ignored/>
  </testcase> <!-- verifyRediffLoginWithEmptyUsernameAndValidPassword -->
  <testcase classname="com.rediff.qa.testcases.LoginTest" name="verifyRediffLoginWithValidUsernameAndValidPassword" time="0.0">
    <ignored/>
  </testcase> <!-- verifyRediffLoginWithValidUsernameAndValidPassword -->
  <testcase classname="com.rediff.qa.testcases.LoginTest" name="verifyRediffLoginWithEmptyUsernameAndEmptyPassword" time="0.0">
    <ignored/>
  </testcase> <!-- verifyRediffLoginWithEmptyUsernameAndEmptyPassword -->
</testsuite> <!-- Default test -->
