<?xml version="1.0" encoding="UTF-8"?>
<!-- Generated by org.testng.reporters.JUnitXMLReporter -->
<testsuite ignored="0" hostname="SarthakSyduAIO" failures="1" tests="6" name="Rediff Testcases" time="61.445" errors="0" timestamp="06 Apr 2023 02:45:47 GMT">
  <testcase classname="com.rediff.qa.testcases.LoginTest" name="verifyRediffLoginWithValidUsernameAndValidPassword" time="5.164"/>
  <testcase classname="com.rediff.qa.testcases.LoginTest" name="verifyRediffLoginWithValidUsernameAndValidPassword" time="4.622"/>
  <testcase classname="com.rediff.qa.testcases.LoginTest" name="verifyRediffLoginWithValidUsernameAndValidPassword" time="6.663"/>
  <testcase classname="com.rediff.qa.testcases.LoginTest" name="verifyRediffLoginWithValidUsernameAndValidPassword" time="7.394"/>
  <testcase classname="com.rediff.qa.testcases.LoginTest" name="verifyRediffLoginWithValidUsernameAndValidPassword" time="6.74"/>
  <testcase classname="com.rediff.qa.testcases.CreateAccountTest" name="verifyCreateAccountByEnteringAllValidFields" time="1.683">
    <failure type="java.lang.AssertionError" message="The following asserts failed:
	expected [true] but found [false]">
      <![CDATA[java.lang.AssertionError: The following asserts failed:
expected [true] but found [false]
at com.rediff.qa.testcases.CreateAccountTest.verifyCreateAccountByEnteringAllValidFields(CreateAccountTest.java:86)
... Removed 26 stack frames]]>
    </failure>
  </testcase> <!-- verifyCreateAccountByEnteringAllValidFields -->
</testsuite> <!-- Rediff Testcases -->
