<?xml version="1.0" encoding="UTF-8"?>
<testsuite xmlns:xsi="http://www.w3.org/2001/XMLSchema-instance" xsi:noNamespaceSchemaLocation="https://maven.apache.org/surefire/maven-surefire-plugin/xsd/surefire-test-report-3.0.xsd" version="3.0" name="TestSuite" time="61.991" tests="5" errors="0" skipped="0" failures="2">
  <properties>
[...]
</properties>
  <testcase name="verifyRediffLoginWithValidUsernameAndValidPassword[seleniumpanda@rediffmail.com, Selenium@123](1)" classname="com.rediff.qa.testcases.LoginTest" time="5.699">
    <system-out><![CDATA[[TestNGContentHandler] [WARN] It is strongly recommended to add "<!DOCTYPE suite SYSTEM "http://testng.org/testng-1.0.dtd" >" at the top of your file, otherwise TestNG may fail or not work as expected.
[DEBUG] Using SLF4J as the default logging framework
[DEBUG] -Dio.netty.leakDetection.level: simple
[DEBUG] -Dio.netty.leakDetection.targetRecords: 4
[DEBUG] Loaded default ResourceLeakDetector: io.netty.util.ResourceLeakDetector@3f0846c6
[DEBUG] -Dio.netty.noUnsafe: false
[DEBUG] Java version: 8
[DEBUG] sun.misc.Unsafe.theUnsafe: available
[DEBUG] sun.misc.Unsafe.copyMemory: available
[DEBUG] sun.misc.Unsafe.storeFence: available
[DEBUG] java.nio.Buffer.address: available
[DEBUG] direct buffer constructor: available
[DEBUG] java.nio.Bits.unaligned: available, true
[DEBUG] jdk.internal.misc.Unsafe.allocateUninitializedArray(int): unavailable prior to Java9
[DEBUG] java.nio.DirectByteBuffer.<init>(long, int): available
[DEBUG] sun.misc.Unsafe: available
[DEBUG] -Dio.netty.tmpdir: C:\Users\autom\AppData\Local\Temp (java.io.tmpdir)
[DEBUG] -Dio.netty.bitMode: 64 (sun.arch.data.model)
[DEBUG] Platform: Windows
[DEBUG] -Dio.netty.maxDirectMemory: 3739746304 bytes
[DEBUG] -Dio.netty.uninitializedArrayAllocationThreshold: -1
[DEBUG] java.nio.ByteBuffer.cleaner(): available
[DEBUG] -Dio.netty.noPreferDirect: false
[DEBUG] org.jctools-core.MpscChunkedArrayQueue: available
[DEBUG] -Dio.netty.threadLocalMap.stringBuilder.initialSize: 1024
[DEBUG] -Dio.netty.threadLocalMap.stringBuilder.maxSize: 4096
[DEBUG] Default protocols (JDK): [TLSv1.3, TLSv1.2] 
[DEBUG] Default cipher suites (JDK): [TLS_ECDHE_ECDSA_WITH_AES_256_GCM_SHA384, TLS_ECDHE_ECDSA_WITH_AES_128_GCM_SHA256, TLS_ECDHE_RSA_WITH_AES_128_GCM_SHA256, TLS_ECDHE_RSA_WITH_AES_256_GCM_SHA384, TLS_ECDHE_RSA_WITH_AES_128_CBC_SHA, TLS_ECDHE_RSA_WITH_AES_256_CBC_SHA, TLS_RSA_WITH_AES_128_GCM_SHA256, TLS_RSA_WITH_AES_128_CBC_SHA, TLS_RSA_WITH_AES_256_CBC_SHA, TLS_AES_128_GCM_SHA256, TLS_AES_256_GCM_SHA384]
[DEBUG] -Dio.netty.globalEventExecutor.quietPeriodSeconds: 1
[DEBUG] -Dio.netty.eventLoopThreads: 40
[DEBUG] -Dio.netty.noKeySetOptimization: false
[DEBUG] -Dio.netty.selectorAutoRebuildThreshold: 512
[DEBUG] -Dio.netty.allocator.numHeapArenas: 40
[DEBUG] -Dio.netty.allocator.numDirectArenas: 40
[DEBUG] -Dio.netty.allocator.pageSize: 8192
[DEBUG] -Dio.netty.allocator.maxOrder: 9
[DEBUG] -Dio.netty.allocator.chunkSize: 4194304
[DEBUG] -Dio.netty.allocator.smallCacheSize: 256
[DEBUG] -Dio.netty.allocator.normalCacheSize: 64
[DEBUG] -Dio.netty.allocator.maxCachedBufferCapacity: 32768
[DEBUG] -Dio.netty.allocator.cacheTrimInterval: 8192
[DEBUG] -Dio.netty.allocator.cacheTrimIntervalMillis: 0
[DEBUG] -Dio.netty.allocator.useCacheForAllThreads: false
[DEBUG] -Dio.netty.allocator.maxCachedByteBuffersPerChunk: 1023
[DEBUG] -Dio.netty.allocator.type: pooled
[DEBUG] -Dio.netty.threadLocalDirectBufferSize: 0
[DEBUG] -Dio.netty.maxThreadLocalCharBufferSize: 16384
[DEBUG] -Dio.netty.processId: 27132 (auto-detected)
[DEBUG] -Djava.net.preferIPv4Stack: false
[DEBUG] -Djava.net.preferIPv6Addresses: false
[DEBUG] Loopback interface: lo (Software Loopback Interface 1, 127.0.0.1)
[DEBUG] Failed to get SOMAXCONN from sysctl and file \proc\sys\net\core\somaxconn. Default: 200
[DEBUG] -Dio.netty.machineId: 64:d6:9a:ff:fe:e2:b7:6f (auto-detected)
[DEBUG] -Dio.netty.buffer.checkAccessible: true
[DEBUG] -Dio.netty.buffer.checkBounds: true
[DEBUG] Loaded default ResourceLeakDetector: io.netty.util.ResourceLeakDetector@64c2634c
[DEBUG] Using new Channel '[id: 0x75e4c7ba, L:/127.0.0.1:55821 - R:localhost/127.0.0.1:28698]' for 'POST' to '/session'
[DEBUG] -Dio.netty.recycler.maxCapacityPerThread: 4096
[DEBUG] -Dio.netty.recycler.ratio: 8
[DEBUG] -Dio.netty.recycler.chunkSize: 32
[DEBUG] -Dio.netty.recycler.blocking: false
[DEBUG] -Dio.netty.recycler.batchFastThreadLocalOnly: true
[DEBUG] brotli4j not in the classpath; Brotli support will be unavailable.
[DEBUG] 

Request DefaultHttpRequest(decodeResult: success, version: HTTP/1.1)
POST /session HTTP/1.1
User-Agent: selenium/4.8.3 (java windows)
Content-Length: 439
Content-Type: application/json; charset=utf-8
host: localhost:28698
accept: */*

Response DefaultHttpResponse(decodeResult: success, version: HTTP/1.1)
HTTP/1.1 200 OK
Content-Length: 858
Content-Type: application/json; charset=utf-8
cache-control: no-cache

[DEBUG] Adding key: http://localhost:28698 for channel [id: 0x75e4c7ba, L:/127.0.0.1:55821 - R:localhost/127.0.0.1:28698]
[DEBUG] Using new Channel '[id: 0x00f38c36, L:/127.0.0.1:55828 - R:localhost/127.0.0.1:55822]' for 'GET' to '/json/version'
[DEBUG] 

Request DefaultFullHttpRequest(decodeResult: success, version: HTTP/1.1, content: EmptyByteBufBE)
GET /json/version HTTP/1.1
User-Agent: selenium/4.8.3 (java windows)
host: localhost:55822
accept: */*

Response DefaultHttpResponse(decodeResult: success, version: HTTP/1.1)
HTTP/1.1 200 OK
Content-Security-Policy: frame-ancestors 'none'
Content-Length: 424
Content-Type: application/json; charset=UTF-8

[DEBUG] Adding key: http://localhost:55822 for channel [id: 0x00f38c36, L:/127.0.0.1:55828 - R:localhost/127.0.0.1:55822]
[DEBUG] -Dio.netty.initialSeedUniquifier: 0xae6f3af7ceb2657a
[DEBUG] Using new Channel '[id: 0xb51647a9, L:/127.0.0.1:55829 - R:localhost/127.0.0.1:55822]' for 'GET' to '/devtools/browser/11179276-4be3-4901-bf9a-527fa9675939'
[DEBUG] 

Request DefaultFullHttpRequest(decodeResult: success, version: HTTP/1.1, content: EmptyByteBufBE)
GET /devtools/browser/11179276-4be3-4901-bf9a-527fa9675939 HTTP/1.1
upgrade: websocket
connection: upgrade
sec-websocket-key: w9QphfBwUxRz2GDXzCIKxw==
sec-websocket-version: 13
origin: http://localhost:55822
host: localhost:55822
accept: */*
user-agent: AHC/2.1

Response DefaultHttpResponse(decodeResult: success, version: HTTP/1.1)
HTTP/1.1 101 WebSocket Protocol Handshake
Upgrade: WebSocket
Connection: Upgrade
Sec-WebSocket-Accept: BVJAgrDAEzFb7dbgosbTO/JgyYU=

[DEBUG] Using pooled Channel '[id: 0x75e4c7ba, L:/127.0.0.1:55821 - R:localhost/127.0.0.1:28698]' for 'POST' to 'http://localhost:28698/session/f746e3f7cbaf3568a26127c37c330d37/window/maximize'
[DEBUG] Using open Channel [id: 0x75e4c7ba, L:/127.0.0.1:55821 - R:localhost/127.0.0.1:28698] for POST '/session/f746e3f7cbaf3568a26127c37c330d37/window/maximize'
[DEBUG] Entry count for : http://localhost:55822 : 1
[DEBUG] 

Request DefaultHttpRequest(decodeResult: success, version: HTTP/1.1)
POST /session/f746e3f7cbaf3568a26127c37c330d37/window/maximize HTTP/1.1
User-Agent: selenium/4.8.3 (java windows)
Content-Length: 3
Content-Type: application/json; charset=utf-8
host: localhost:28698
accept: */*

Response DefaultHttpResponse(decodeResult: success, version: HTTP/1.1)
HTTP/1.1 200 OK
Content-Length: 52
Content-Type: application/json; charset=utf-8
cache-control: no-cache

[DEBUG] Adding key: http://localhost:28698 for channel [id: 0x75e4c7ba, L:/127.0.0.1:55821 - R:localhost/127.0.0.1:28698]
[DEBUG] Using pooled Channel '[id: 0x75e4c7ba, L:/127.0.0.1:55821 - R:localhost/127.0.0.1:28698]' for 'DELETE' to 'http://localhost:28698/session/f746e3f7cbaf3568a26127c37c330d37/cookie'
[DEBUG] Using open Channel [id: 0x75e4c7ba, L:/127.0.0.1:55821 - R:localhost/127.0.0.1:28698] for DELETE '/session/f746e3f7cbaf3568a26127c37c330d37/cookie'
[DEBUG] 

Request DefaultFullHttpRequest(decodeResult: success, version: HTTP/1.1, content: EmptyByteBufBE)
DELETE /session/f746e3f7cbaf3568a26127c37c330d37/cookie HTTP/1.1
User-Agent: selenium/4.8.3 (java windows)
Content-Type: application/json; charset=utf-8
host: localhost:28698
accept: */*

Response DefaultHttpResponse(decodeResult: success, version: HTTP/1.1)
HTTP/1.1 200 OK
Content-Length: 14
Content-Type: application/json; charset=utf-8
cache-control: no-cache

[DEBUG] Adding key: http://localhost:28698 for channel [id: 0x75e4c7ba, L:/127.0.0.1:55821 - R:localhost/127.0.0.1:28698]
[DEBUG] Using pooled Channel '[id: 0x75e4c7ba, L:/127.0.0.1:55821 - R:localhost/127.0.0.1:28698]' for 'POST' to 'http://localhost:28698/session/f746e3f7cbaf3568a26127c37c330d37/timeouts'
[DEBUG] Using open Channel [id: 0x75e4c7ba, L:/127.0.0.1:55821 - R:localhost/127.0.0.1:28698] for POST '/session/f746e3f7cbaf3568a26127c37c330d37/timeouts'
[DEBUG] 

Request DefaultHttpRequest(decodeResult: success, version: HTTP/1.1)
POST /session/f746e3f7cbaf3568a26127c37c330d37/timeouts HTTP/1.1
User-Agent: selenium/4.8.3 (java windows)
Content-Length: 23
Content-Type: application/json; charset=utf-8
host: localhost:28698
accept: */*

Response DefaultHttpResponse(decodeResult: success, version: HTTP/1.1)
HTTP/1.1 200 OK
Content-Length: 14
Content-Type: application/json; charset=utf-8
cache-control: no-cache

[DEBUG] Adding key: http://localhost:28698 for channel [id: 0x75e4c7ba, L:/127.0.0.1:55821 - R:localhost/127.0.0.1:28698]
[DEBUG] Using pooled Channel '[id: 0x75e4c7ba, L:/127.0.0.1:55821 - R:localhost/127.0.0.1:28698]' for 'POST' to 'http://localhost:28698/session/f746e3f7cbaf3568a26127c37c330d37/timeouts'
[DEBUG] Using open Channel [id: 0x75e4c7ba, L:/127.0.0.1:55821 - R:localhost/127.0.0.1:28698] for POST '/session/f746e3f7cbaf3568a26127c37c330d37/timeouts'
[DEBUG] 

Request DefaultHttpRequest(decodeResult: success, version: HTTP/1.1)
POST /session/f746e3f7cbaf3568a26127c37c330d37/timeouts HTTP/1.1
User-Agent: selenium/4.8.3 (java windows)
Content-Length: 23
Content-Type: application/json; charset=utf-8
host: localhost:28698
accept: */*

Response DefaultHttpResponse(decodeResult: success, version: HTTP/1.1)
HTTP/1.1 200 OK
Content-Length: 14
Content-Type: application/json; charset=utf-8
cache-control: no-cache

[DEBUG] Adding key: http://localhost:28698 for channel [id: 0x75e4c7ba, L:/127.0.0.1:55821 - R:localhost/127.0.0.1:28698]
[DEBUG] Using pooled Channel '[id: 0x75e4c7ba, L:/127.0.0.1:55821 - R:localhost/127.0.0.1:28698]' for 'POST' to 'http://localhost:28698/session/f746e3f7cbaf3568a26127c37c330d37/timeouts'
[DEBUG] Using open Channel [id: 0x75e4c7ba, L:/127.0.0.1:55821 - R:localhost/127.0.0.1:28698] for POST '/session/f746e3f7cbaf3568a26127c37c330d37/timeouts'
[DEBUG] 

Request DefaultHttpRequest(decodeResult: success, version: HTTP/1.1)
POST /session/f746e3f7cbaf3568a26127c37c330d37/timeouts HTTP/1.1
User-Agent: selenium/4.8.3 (java windows)
Content-Length: 22
Content-Type: application/json; charset=utf-8
host: localhost:28698
accept: */*

Response DefaultHttpResponse(decodeResult: success, version: HTTP/1.1)
HTTP/1.1 200 OK
Content-Length: 14
Content-Type: application/json; charset=utf-8
cache-control: no-cache

[DEBUG] Adding key: http://localhost:28698 for channel [id: 0x75e4c7ba, L:/127.0.0.1:55821 - R:localhost/127.0.0.1:28698]
[DEBUG] Using pooled Channel '[id: 0x75e4c7ba, L:/127.0.0.1:55821 - R:localhost/127.0.0.1:28698]' for 'POST' to 'http://localhost:28698/session/f746e3f7cbaf3568a26127c37c330d37/url'
[DEBUG] Using open Channel [id: 0x75e4c7ba, L:/127.0.0.1:55821 - R:localhost/127.0.0.1:28698] for POST '/session/f746e3f7cbaf3568a26127c37c330d37/url'
[DEBUG] Entry count for : http://localhost:55822 : 1
[DEBUG] Entry count for : http://localhost:55822 : 1
[DEBUG] 

Request DefaultHttpRequest(decodeResult: success, version: HTTP/1.1)
POST /session/f746e3f7cbaf3568a26127c37c330d37/url HTTP/1.1
User-Agent: selenium/4.8.3 (java windows)
Content-Length: 43
Content-Type: application/json; charset=utf-8
host: localhost:28698
accept: */*

Response DefaultHttpResponse(decodeResult: success, version: HTTP/1.1)
HTTP/1.1 200 OK
Content-Length: 14
Content-Type: application/json; charset=utf-8
cache-control: no-cache

[DEBUG] Adding key: http://localhost:28698 for channel [id: 0x75e4c7ba, L:/127.0.0.1:55821 - R:localhost/127.0.0.1:28698]
[DEBUG] Using pooled Channel '[id: 0x75e4c7ba, L:/127.0.0.1:55821 - R:localhost/127.0.0.1:28698]' for 'POST' to 'http://localhost:28698/session/f746e3f7cbaf3568a26127c37c330d37/element'
[DEBUG] Using open Channel [id: 0x75e4c7ba, L:/127.0.0.1:55821 - R:localhost/127.0.0.1:28698] for POST '/session/f746e3f7cbaf3568a26127c37c330d37/element'
[DEBUG] 

Request DefaultHttpRequest(decodeResult: success, version: HTTP/1.1)
POST /session/f746e3f7cbaf3568a26127c37c330d37/element HTTP/1.1
User-Agent: selenium/4.8.3 (java windows)
Content-Length: 51
Content-Type: application/json; charset=utf-8
host: localhost:28698
accept: */*

Response DefaultHttpResponse(decodeResult: success, version: HTTP/1.1)
HTTP/1.1 200 OK
Content-Length: 88
Content-Type: application/json; charset=utf-8
cache-control: no-cache

[DEBUG] Adding key: http://localhost:28698 for channel [id: 0x75e4c7ba, L:/127.0.0.1:55821 - R:localhost/127.0.0.1:28698]
[DEBUG] Using pooled Channel '[id: 0x75e4c7ba, L:/127.0.0.1:55821 - R:localhost/127.0.0.1:28698]' for 'POST' to 'http://localhost:28698/session/f746e3f7cbaf3568a26127c37c330d37/element/fa2d255d-d651-48a2-9992-7f0ac55e3bb8/click'
[DEBUG] Using open Channel [id: 0x75e4c7ba, L:/127.0.0.1:55821 - R:localhost/127.0.0.1:28698] for POST '/session/f746e3f7cbaf3568a26127c37c330d37/element/fa2d255d-d651-48a2-9992-7f0ac55e3bb8/click'
[DEBUG] Entry count for : http://localhost:55822 : 1
[DEBUG] Entry count for : http://localhost:55822 : 1
[DEBUG] 

Request DefaultHttpRequest(decodeResult: success, version: HTTP/1.1)
POST /session/f746e3f7cbaf3568a26127c37c330d37/element/fa2d255d-d651-48a2-9992-7f0ac55e3bb8/click HTTP/1.1
User-Agent: selenium/4.8.3 (java windows)
Content-Length: 50
Content-Type: application/json; charset=utf-8
host: localhost:28698
accept: */*

Response DefaultHttpResponse(decodeResult: success, version: HTTP/1.1)
HTTP/1.1 200 OK
Content-Length: 14
Content-Type: application/json; charset=utf-8
cache-control: no-cache

[DEBUG] Adding key: http://localhost:28698 for channel [id: 0x75e4c7ba, L:/127.0.0.1:55821 - R:localhost/127.0.0.1:28698]
[DEBUG] Using pooled Channel '[id: 0x75e4c7ba, L:/127.0.0.1:55821 - R:localhost/127.0.0.1:28698]' for 'POST' to 'http://localhost:28698/session/f746e3f7cbaf3568a26127c37c330d37/element'
[DEBUG] Using open Channel [id: 0x75e4c7ba, L:/127.0.0.1:55821 - R:localhost/127.0.0.1:28698] for POST '/session/f746e3f7cbaf3568a26127c37c330d37/element'
[DEBUG] 

Request DefaultHttpRequest(decodeResult: success, version: HTTP/1.1)
POST /session/f746e3f7cbaf3568a26127c37c330d37/element HTTP/1.1
User-Agent: selenium/4.8.3 (java windows)
Content-Length: 51
Content-Type: application/json; charset=utf-8
host: localhost:28698
accept: */*

Response DefaultHttpResponse(decodeResult: success, version: HTTP/1.1)
HTTP/1.1 200 OK
Content-Length: 88
Content-Type: application/json; charset=utf-8
cache-control: no-cache

[DEBUG] Adding key: http://localhost:28698 for channel [id: 0x75e4c7ba, L:/127.0.0.1:55821 - R:localhost/127.0.0.1:28698]
[DEBUG] Using pooled Channel '[id: 0x75e4c7ba, L:/127.0.0.1:55821 - R:localhost/127.0.0.1:28698]' for 'POST' to 'http://localhost:28698/session/f746e3f7cbaf3568a26127c37c330d37/element/84a91477-62bb-49fb-bbae-02ab1549a2f2/value'
[DEBUG] Using open Channel [id: 0x75e4c7ba, L:/127.0.0.1:55821 - R:localhost/127.0.0.1:28698] for POST '/session/f746e3f7cbaf3568a26127c37c330d37/element/84a91477-62bb-49fb-bbae-02ab1549a2f2/value'
[DEBUG] Entry count for : http://localhost:55822 : 1
[DEBUG] 

Request DefaultHttpRequest(decodeResult: success, version: HTTP/1.1)
POST /session/f746e3f7cbaf3568a26127c37c330d37/element/84a91477-62bb-49fb-bbae-02ab1549a2f2/value HTTP/1.1
User-Agent: selenium/4.8.3 (java windows)
Content-Length: 361
Content-Type: application/json; charset=utf-8
host: localhost:28698
accept: */*

Response DefaultHttpResponse(decodeResult: success, version: HTTP/1.1)
HTTP/1.1 200 OK
Content-Length: 14
Content-Type: application/json; charset=utf-8
cache-control: no-cache

[DEBUG] Adding key: http://localhost:28698 for channel [id: 0x75e4c7ba, L:/127.0.0.1:55821 - R:localhost/127.0.0.1:28698]
[DEBUG] Using pooled Channel '[id: 0x75e4c7ba, L:/127.0.0.1:55821 - R:localhost/127.0.0.1:28698]' for 'POST' to 'http://localhost:28698/session/f746e3f7cbaf3568a26127c37c330d37/element'
[DEBUG] Using open Channel [id: 0x75e4c7ba, L:/127.0.0.1:55821 - R:localhost/127.0.0.1:28698] for POST '/session/f746e3f7cbaf3568a26127c37c330d37/element'
[DEBUG] 

Request DefaultHttpRequest(decodeResult: success, version: HTTP/1.1)
POST /session/f746e3f7cbaf3568a26127c37c330d37/element HTTP/1.1
User-Agent: selenium/4.8.3 (java windows)
Content-Length: 53
Content-Type: application/json; charset=utf-8
host: localhost:28698
accept: */*

Response DefaultHttpResponse(decodeResult: success, version: HTTP/1.1)
HTTP/1.1 200 OK
Content-Length: 88
Content-Type: application/json; charset=utf-8
cache-control: no-cache

[DEBUG] Adding key: http://localhost:28698 for channel [id: 0x75e4c7ba, L:/127.0.0.1:55821 - R:localhost/127.0.0.1:28698]
[DEBUG] Using pooled Channel '[id: 0x75e4c7ba, L:/127.0.0.1:55821 - R:localhost/127.0.0.1:28698]' for 'POST' to 'http://localhost:28698/session/f746e3f7cbaf3568a26127c37c330d37/element/23373905-d45b-4b1f-a944-ea54fe9aa2b8/value'
[DEBUG] Using open Channel [id: 0x75e4c7ba, L:/127.0.0.1:55821 - R:localhost/127.0.0.1:28698] for POST '/session/f746e3f7cbaf3568a26127c37c330d37/element/23373905-d45b-4b1f-a944-ea54fe9aa2b8/value'
[DEBUG] 

Request DefaultHttpRequest(decodeResult: success, version: HTTP/1.1)
POST /session/f746e3f7cbaf3568a26127c37c330d37/element/23373905-d45b-4b1f-a944-ea54fe9aa2b8/value HTTP/1.1
User-Agent: selenium/4.8.3 (java windows)
Content-Length: 201
Content-Type: application/json; charset=utf-8
host: localhost:28698
accept: */*

Response DefaultHttpResponse(decodeResult: success, version: HTTP/1.1)
HTTP/1.1 200 OK
Content-Length: 14
Content-Type: application/json; charset=utf-8
cache-control: no-cache

[DEBUG] Adding key: http://localhost:28698 for channel [id: 0x75e4c7ba, L:/127.0.0.1:55821 - R:localhost/127.0.0.1:28698]
[DEBUG] Using pooled Channel '[id: 0x75e4c7ba, L:/127.0.0.1:55821 - R:localhost/127.0.0.1:28698]' for 'POST' to 'http://localhost:28698/session/f746e3f7cbaf3568a26127c37c330d37/element'
[DEBUG] Using open Channel [id: 0x75e4c7ba, L:/127.0.0.1:55821 - R:localhost/127.0.0.1:28698] for POST '/session/f746e3f7cbaf3568a26127c37c330d37/element'
[DEBUG] 

Request DefaultHttpRequest(decodeResult: success, version: HTTP/1.1)
POST /session/f746e3f7cbaf3568a26127c37c330d37/element HTTP/1.1
User-Agent: selenium/4.8.3 (java windows)
Content-Length: 54
Content-Type: application/json; charset=utf-8
host: localhost:28698
accept: */*

Response DefaultHttpResponse(decodeResult: success, version: HTTP/1.1)
HTTP/1.1 200 OK
Content-Length: 88
Content-Type: application/json; charset=utf-8
cache-control: no-cache

[DEBUG] Adding key: http://localhost:28698 for channel [id: 0x75e4c7ba, L:/127.0.0.1:55821 - R:localhost/127.0.0.1:28698]
[DEBUG] Using pooled Channel '[id: 0x75e4c7ba, L:/127.0.0.1:55821 - R:localhost/127.0.0.1:28698]' for 'POST' to 'http://localhost:28698/session/f746e3f7cbaf3568a26127c37c330d37/element/595c408f-d6a2-454c-b83b-657a7829ecd0/click'
[DEBUG] Using open Channel [id: 0x75e4c7ba, L:/127.0.0.1:55821 - R:localhost/127.0.0.1:28698] for POST '/session/f746e3f7cbaf3568a26127c37c330d37/element/595c408f-d6a2-454c-b83b-657a7829ecd0/click'
[DEBUG] Entry count for : http://localhost:55822 : 1
[DEBUG] Entry count for : http://localhost:55822 : 1
[DEBUG] Entry count for : http://localhost:55822 : 1
[DEBUG] Entry count for : http://localhost:55822 : 1
[DEBUG] 

Request DefaultHttpRequest(decodeResult: success, version: HTTP/1.1)
POST /session/f746e3f7cbaf3568a26127c37c330d37/element/595c408f-d6a2-454c-b83b-657a7829ecd0/click HTTP/1.1
User-Agent: selenium/4.8.3 (java windows)
Content-Length: 50
Content-Type: application/json; charset=utf-8
host: localhost:28698
accept: */*

Response DefaultHttpResponse(decodeResult: success, version: HTTP/1.1)
HTTP/1.1 200 OK
Content-Length: 14
Content-Type: application/json; charset=utf-8
cache-control: no-cache

[DEBUG] Adding key: http://localhost:28698 for channel [id: 0x75e4c7ba, L:/127.0.0.1:55821 - R:localhost/127.0.0.1:28698]
[DEBUG] Using pooled Channel '[id: 0x75e4c7ba, L:/127.0.0.1:55821 - R:localhost/127.0.0.1:28698]' for 'POST' to 'http://localhost:28698/session/f746e3f7cbaf3568a26127c37c330d37/element'
[DEBUG] Using open Channel [id: 0x75e4c7ba, L:/127.0.0.1:55821 - R:localhost/127.0.0.1:28698] for POST '/session/f746e3f7cbaf3568a26127c37c330d37/element'
[DEBUG] 

Request DefaultHttpRequest(decodeResult: success, version: HTTP/1.1)
POST /session/f746e3f7cbaf3568a26127c37c330d37/element HTTP/1.1
User-Agent: selenium/4.8.3 (java windows)
Content-Length: 54
Content-Type: application/json; charset=utf-8
host: localhost:28698
accept: */*

Response DefaultHttpResponse(decodeResult: success, version: HTTP/1.1)
HTTP/1.1 200 OK
Content-Length: 88
Content-Type: application/json; charset=utf-8
cache-control: no-cache

[DEBUG] Adding key: http://localhost:28698 for channel [id: 0x75e4c7ba, L:/127.0.0.1:55821 - R:localhost/127.0.0.1:28698]
[DEBUG] Using pooled Channel '[id: 0x75e4c7ba, L:/127.0.0.1:55821 - R:localhost/127.0.0.1:28698]' for 'POST' to 'http://localhost:28698/session/f746e3f7cbaf3568a26127c37c330d37/execute/sync'
[DEBUG] Using open Channel [id: 0x75e4c7ba, L:/127.0.0.1:55821 - R:localhost/127.0.0.1:28698] for POST '/session/f746e3f7cbaf3568a26127c37c330d37/execute/sync'
[DEBUG] 

Request DefaultHttpRequest(decodeResult: success, version: HTTP/1.1)
POST /session/f746e3f7cbaf3568a26127c37c330d37/execute/sync HTTP/1.1
User-Agent: selenium/4.8.3 (java windows)
Content-Length: 48807
Content-Type: application/json; charset=utf-8
host: localhost:28698
accept: */*

Response DefaultHttpResponse(decodeResult: success, version: HTTP/1.1)
HTTP/1.1 200 OK
Content-Length: 14
Content-Type: application/json; charset=utf-8
cache-control: no-cache

[DEBUG] Adding key: http://localhost:28698 for channel [id: 0x75e4c7ba, L:/127.0.0.1:55821 - R:localhost/127.0.0.1:28698]
]]></system-out>
    <system-err><![CDATA[Starting ChromeDriver 111.0.5563.64 (c710e93d5b63b7095afe8c2c17df34408078439d-refs/branch-heads/5563@{#995}) on port 28698
Only local connections are allowed.
Please see https://chromedriver.chromium.org/security-considerations for suggestions on keeping ChromeDriver safe.
ChromeDriver was started successfully.
]]></system-err>
  </testcase>
  <testcase name="verifyRediffLoginWithValidUsernameAndValidPassword[seleniumpanda1@rediffmail.com, Donkey@123](2)" classname="com.rediff.qa.testcases.LoginTest" time="6.067">
    <system-out><![CDATA[[DEBUG] Using pooled Channel '[id: 0x75e4c7ba, L:/127.0.0.1:55821 - R:localhost/127.0.0.1:28698]' for 'DELETE' to 'http://localhost:28698/session/f746e3f7cbaf3568a26127c37c330d37'
[DEBUG] Using open Channel [id: 0x75e4c7ba, L:/127.0.0.1:55821 - R:localhost/127.0.0.1:28698] for DELETE '/session/f746e3f7cbaf3568a26127c37c330d37'
[DEBUG] Channel Closed: [id: 0xb51647a9, L:/127.0.0.1:55829 ! R:localhost/127.0.0.1:55822] with attribute NettyResponseFuture{currentRetry=0,
	isDone=1,
	isCancelled=0,
	asyncHandler=org.asynchttpclient.ws.WebSocketUpgradeHandler@5ca3890c,
	nettyRequest=org.asynchttpclient.netty.request.NettyRequest@40074336,
	future=java.util.concurrent.CompletableFuture@20f94e8d[Completed normally],
	uri=ws://localhost:55822/devtools/browser/11179276-4be3-4901-bf9a-527fa9675939,
	keepAlive=true,
	redirectCount=0,
	timeoutsHolder=null,
	inAuth=0,
	touch=1680661512842}
[DEBUG] Closing Channel [id: 0xb51647a9, L:/127.0.0.1:55829 ! R:localhost/127.0.0.1:55822] 
[DEBUG] Unexpected I/O exception on channel [id: 0x00f38c36, L:/127.0.0.1:55828 - R:localhost/127.0.0.1:55822]
java.io.IOException: An existing connection was forcibly closed by the remote host
	at sun.nio.ch.SocketDispatcher.read0(Native Method) ~[na:1.8.0_351]
	at sun.nio.ch.SocketDispatcher.read(SocketDispatcher.java:43) ~[na:1.8.0_351]
	at sun.nio.ch.IOUtil.readIntoNativeBuffer(IOUtil.java:223) ~[na:1.8.0_351]
	at sun.nio.ch.IOUtil.read(IOUtil.java:192) ~[na:1.8.0_351]
	at sun.nio.ch.SocketChannelImpl.read(SocketChannelImpl.java:378) ~[na:1.8.0_351]
	at io.netty.buffer.PooledByteBuf.setBytes(PooledByteBuf.java:256) ~[netty-buffer-4.1.90.Final.jar:4.1.90.Final]
	at io.netty.buffer.AbstractByteBuf.writeBytes(AbstractByteBuf.java:1132) ~[netty-buffer-4.1.90.Final.jar:4.1.90.Final]
	at io.netty.channel.socket.nio.NioSocketChannel.doReadBytes(NioSocketChannel.java:357) ~[netty-transport-4.1.90.Final.jar:4.1.90.Final]
	at io.netty.channel.nio.AbstractNioByteChannel$NioByteUnsafe.read(AbstractNioByteChannel.java:151) ~[netty-transport-4.1.90.Final.jar:4.1.90.Final]
	at io.netty.channel.nio.NioEventLoop.processSelectedKey(NioEventLoop.java:788) [netty-transport-4.1.90.Final.jar:4.1.90.Final]
	at io.netty.channel.nio.NioEventLoop.processSelectedKeysOptimized(NioEventLoop.java:724) [netty-transport-4.1.90.Final.jar:4.1.90.Final]
	at io.netty.channel.nio.NioEventLoop.processSelectedKeys(NioEventLoop.java:650) [netty-transport-4.1.90.Final.jar:4.1.90.Final]
	at io.netty.channel.nio.NioEventLoop.run(NioEventLoop.java:562) [netty-transport-4.1.90.Final.jar:4.1.90.Final]
	at io.netty.util.concurrent.SingleThreadEventExecutor$4.run(SingleThreadEventExecutor.java:997) [netty-common-4.1.90.Final.jar:4.1.90.Final]
	at io.netty.util.internal.ThreadExecutorMap$2.run(ThreadExecutorMap.java:74) [netty-common-4.1.90.Final.jar:4.1.90.Final]
	at io.netty.util.concurrent.FastThreadLocalRunnable.run(FastThreadLocalRunnable.java:30) [netty-common-4.1.90.Final.jar:4.1.90.Final]
	at java.lang.Thread.run(Thread.java:750) [na:1.8.0_351]
[DEBUG] Closing Channel [id: 0x00f38c36, L:/127.0.0.1:55828 - R:localhost/127.0.0.1:55822] 
[DEBUG] Channel Closed: [id: 0x00f38c36, L:/127.0.0.1:55828 ! R:localhost/127.0.0.1:55822] with attribute DISCARD
[DEBUG] 

Request DefaultFullHttpRequest(decodeResult: success, version: HTTP/1.1, content: EmptyByteBufBE)
DELETE /session/f746e3f7cbaf3568a26127c37c330d37 HTTP/1.1
User-Agent: selenium/4.8.3 (java windows)
Content-Type: application/json; charset=utf-8
host: localhost:28698
accept: */*

Response DefaultHttpResponse(decodeResult: success, version: HTTP/1.1)
HTTP/1.1 200 OK
Content-Length: 14
Content-Type: application/json; charset=utf-8
cache-control: no-cache

[DEBUG] Adding key: http://localhost:28698 for channel [id: 0x75e4c7ba, L:/127.0.0.1:55821 - R:localhost/127.0.0.1:28698]
[DEBUG] Channel Closed: [id: 0x75e4c7ba, L:/127.0.0.1:55821 ! R:localhost/127.0.0.1:28698] with attribute DISCARD
[DEBUG] Using new Channel '[id: 0xe1674df8, L:/127.0.0.1:55981 - R:localhost/127.0.0.1:22419]' for 'POST' to '/session'
[DEBUG] Entry count for : http://localhost:55822 : 1
[DEBUG] Entry count for : http://localhost:28698 : 1
[DEBUG] Adding Candidate expired Channel [id: 0x00f38c36, L:/127.0.0.1:55828 ! R:localhost/127.0.0.1:55822] isIdleTimeoutExpired=false isRemotelyClosed=true isTtlExpired=false
[DEBUG] Closing Idle Channel [id: 0x00f38c36, L:/127.0.0.1:55828 ! R:localhost/127.0.0.1:55822]
[DEBUG] Adding Candidate expired Channel [id: 0x75e4c7ba, L:/127.0.0.1:55821 ! R:localhost/127.0.0.1:28698] isIdleTimeoutExpired=false isRemotelyClosed=true isTtlExpired=false
[DEBUG] Closing Idle Channel [id: 0x75e4c7ba, L:/127.0.0.1:55821 ! R:localhost/127.0.0.1:28698]
[DEBUG] Closed 2 connections out of 2 in 0 ms
[DEBUG] 

Request DefaultHttpRequest(decodeResult: success, version: HTTP/1.1)
POST /session HTTP/1.1
User-Agent: selenium/4.8.3 (java windows)
Content-Length: 439
Content-Type: application/json; charset=utf-8
host: localhost:22419
accept: */*

Response DefaultHttpResponse(decodeResult: success, version: HTTP/1.1)
HTTP/1.1 200 OK
Content-Length: 860
Content-Type: application/json; charset=utf-8
cache-control: no-cache

[DEBUG] Adding key: http://localhost:22419 for channel [id: 0xe1674df8, L:/127.0.0.1:55981 - R:localhost/127.0.0.1:22419]
[DEBUG] Using new Channel '[id: 0x8d5bc619, L:/127.0.0.1:55988 - R:localhost/127.0.0.1:55982]' for 'GET' to '/json/version'
[DEBUG] 

Request DefaultFullHttpRequest(decodeResult: success, version: HTTP/1.1, content: EmptyByteBufBE)
GET /json/version HTTP/1.1
User-Agent: selenium/4.8.3 (java windows)
host: localhost:55982
accept: */*

Response DefaultHttpResponse(decodeResult: success, version: HTTP/1.1)
HTTP/1.1 200 OK
Content-Security-Policy: frame-ancestors 'none'
Content-Length: 424
Content-Type: application/json; charset=UTF-8

[DEBUG] Adding key: http://localhost:55982 for channel [id: 0x8d5bc619, L:/127.0.0.1:55988 - R:localhost/127.0.0.1:55982]
[DEBUG] Using new Channel '[id: 0xdbad1d6c, L:/127.0.0.1:55989 - R:localhost/127.0.0.1:55982]' for 'GET' to '/devtools/browser/2d4fa16e-bfcb-4f80-8832-2b4161d67cc2'
[DEBUG] 

Request DefaultFullHttpRequest(decodeResult: success, version: HTTP/1.1, content: EmptyByteBufBE)
GET /devtools/browser/2d4fa16e-bfcb-4f80-8832-2b4161d67cc2 HTTP/1.1
upgrade: websocket
connection: upgrade
sec-websocket-key: lem8hRhJQTH0QoQuYWvoeQ==
sec-websocket-version: 13
origin: http://localhost:55982
host: localhost:55982
accept: */*
user-agent: AHC/2.1

Response DefaultHttpResponse(decodeResult: success, version: HTTP/1.1)
HTTP/1.1 101 WebSocket Protocol Handshake
Upgrade: WebSocket
Connection: Upgrade
Sec-WebSocket-Accept: j8J/0JmNQJvKK11P5iw7OlWrlmk=

[DEBUG] Using pooled Channel '[id: 0xe1674df8, L:/127.0.0.1:55981 - R:localhost/127.0.0.1:22419]' for 'POST' to 'http://localhost:22419/session/fdeee68c5a8427b06357474e8b233096/window/maximize'
[DEBUG] Using open Channel [id: 0xe1674df8, L:/127.0.0.1:55981 - R:localhost/127.0.0.1:22419] for POST '/session/fdeee68c5a8427b06357474e8b233096/window/maximize'
[DEBUG] 

Request DefaultHttpRequest(decodeResult: success, version: HTTP/1.1)
POST /session/fdeee68c5a8427b06357474e8b233096/window/maximize HTTP/1.1
User-Agent: selenium/4.8.3 (java windows)
Content-Length: 3
Content-Type: application/json; charset=utf-8
host: localhost:22419
accept: */*

Response DefaultHttpResponse(decodeResult: success, version: HTTP/1.1)
HTTP/1.1 200 OK
Content-Length: 52
Content-Type: application/json; charset=utf-8
cache-control: no-cache

[DEBUG] Adding key: http://localhost:22419 for channel [id: 0xe1674df8, L:/127.0.0.1:55981 - R:localhost/127.0.0.1:22419]
[DEBUG] Using pooled Channel '[id: 0xe1674df8, L:/127.0.0.1:55981 - R:localhost/127.0.0.1:22419]' for 'DELETE' to 'http://localhost:22419/session/fdeee68c5a8427b06357474e8b233096/cookie'
[DEBUG] Using open Channel [id: 0xe1674df8, L:/127.0.0.1:55981 - R:localhost/127.0.0.1:22419] for DELETE '/session/fdeee68c5a8427b06357474e8b233096/cookie'
[DEBUG] 

Request DefaultFullHttpRequest(decodeResult: success, version: HTTP/1.1, content: EmptyByteBufBE)
DELETE /session/fdeee68c5a8427b06357474e8b233096/cookie HTTP/1.1
User-Agent: selenium/4.8.3 (java windows)
Content-Type: application/json; charset=utf-8
host: localhost:22419
accept: */*

Response DefaultHttpResponse(decodeResult: success, version: HTTP/1.1)
HTTP/1.1 200 OK
Content-Length: 14
Content-Type: application/json; charset=utf-8
cache-control: no-cache

[DEBUG] Adding key: http://localhost:22419 for channel [id: 0xe1674df8, L:/127.0.0.1:55981 - R:localhost/127.0.0.1:22419]
[DEBUG] Using pooled Channel '[id: 0xe1674df8, L:/127.0.0.1:55981 - R:localhost/127.0.0.1:22419]' for 'POST' to 'http://localhost:22419/session/fdeee68c5a8427b06357474e8b233096/timeouts'
[DEBUG] Using open Channel [id: 0xe1674df8, L:/127.0.0.1:55981 - R:localhost/127.0.0.1:22419] for POST '/session/fdeee68c5a8427b06357474e8b233096/timeouts'
[DEBUG] 

Request DefaultHttpRequest(decodeResult: success, version: HTTP/1.1)
POST /session/fdeee68c5a8427b06357474e8b233096/timeouts HTTP/1.1
User-Agent: selenium/4.8.3 (java windows)
Content-Length: 23
Content-Type: application/json; charset=utf-8
host: localhost:22419
accept: */*

Response DefaultHttpResponse(decodeResult: success, version: HTTP/1.1)
HTTP/1.1 200 OK
Content-Length: 14
Content-Type: application/json; charset=utf-8
cache-control: no-cache

[DEBUG] Adding key: http://localhost:22419 for channel [id: 0xe1674df8, L:/127.0.0.1:55981 - R:localhost/127.0.0.1:22419]
[DEBUG] Using pooled Channel '[id: 0xe1674df8, L:/127.0.0.1:55981 - R:localhost/127.0.0.1:22419]' for 'POST' to 'http://localhost:22419/session/fdeee68c5a8427b06357474e8b233096/timeouts'
[DEBUG] Using open Channel [id: 0xe1674df8, L:/127.0.0.1:55981 - R:localhost/127.0.0.1:22419] for POST '/session/fdeee68c5a8427b06357474e8b233096/timeouts'
[DEBUG] 

Request DefaultHttpRequest(decodeResult: success, version: HTTP/1.1)
POST /session/fdeee68c5a8427b06357474e8b233096/timeouts HTTP/1.1
User-Agent: selenium/4.8.3 (java windows)
Content-Length: 23
Content-Type: application/json; charset=utf-8
host: localhost:22419
accept: */*

Response DefaultHttpResponse(decodeResult: success, version: HTTP/1.1)
HTTP/1.1 200 OK
Content-Length: 14
Content-Type: application/json; charset=utf-8
cache-control: no-cache

[DEBUG] Adding key: http://localhost:22419 for channel [id: 0xe1674df8, L:/127.0.0.1:55981 - R:localhost/127.0.0.1:22419]
[DEBUG] Using pooled Channel '[id: 0xe1674df8, L:/127.0.0.1:55981 - R:localhost/127.0.0.1:22419]' for 'POST' to 'http://localhost:22419/session/fdeee68c5a8427b06357474e8b233096/timeouts'
[DEBUG] Using open Channel [id: 0xe1674df8, L:/127.0.0.1:55981 - R:localhost/127.0.0.1:22419] for POST '/session/fdeee68c5a8427b06357474e8b233096/timeouts'
[DEBUG] 

Request DefaultHttpRequest(decodeResult: success, version: HTTP/1.1)
POST /session/fdeee68c5a8427b06357474e8b233096/timeouts HTTP/1.1
User-Agent: selenium/4.8.3 (java windows)
Content-Length: 22
Content-Type: application/json; charset=utf-8
host: localhost:22419
accept: */*

Response DefaultHttpResponse(decodeResult: success, version: HTTP/1.1)
HTTP/1.1 200 OK
Content-Length: 14
Content-Type: application/json; charset=utf-8
cache-control: no-cache

[DEBUG] Adding key: http://localhost:22419 for channel [id: 0xe1674df8, L:/127.0.0.1:55981 - R:localhost/127.0.0.1:22419]
[DEBUG] Using pooled Channel '[id: 0xe1674df8, L:/127.0.0.1:55981 - R:localhost/127.0.0.1:22419]' for 'POST' to 'http://localhost:22419/session/fdeee68c5a8427b06357474e8b233096/url'
[DEBUG] Using open Channel [id: 0xe1674df8, L:/127.0.0.1:55981 - R:localhost/127.0.0.1:22419] for POST '/session/fdeee68c5a8427b06357474e8b233096/url'
[DEBUG] Entry count for : http://localhost:55982 : 1
[DEBUG] 

Request DefaultHttpRequest(decodeResult: success, version: HTTP/1.1)
POST /session/fdeee68c5a8427b06357474e8b233096/url HTTP/1.1
User-Agent: selenium/4.8.3 (java windows)
Content-Length: 43
Content-Type: application/json; charset=utf-8
host: localhost:22419
accept: */*

Response DefaultHttpResponse(decodeResult: success, version: HTTP/1.1)
HTTP/1.1 200 OK
Content-Length: 14
Content-Type: application/json; charset=utf-8
cache-control: no-cache

[DEBUG] Adding key: http://localhost:22419 for channel [id: 0xe1674df8, L:/127.0.0.1:55981 - R:localhost/127.0.0.1:22419]
[DEBUG] Using pooled Channel '[id: 0xe1674df8, L:/127.0.0.1:55981 - R:localhost/127.0.0.1:22419]' for 'POST' to 'http://localhost:22419/session/fdeee68c5a8427b06357474e8b233096/element'
[DEBUG] Using open Channel [id: 0xe1674df8, L:/127.0.0.1:55981 - R:localhost/127.0.0.1:22419] for POST '/session/fdeee68c5a8427b06357474e8b233096/element'
[DEBUG] Entry count for : http://localhost:55982 : 1
[DEBUG] 

Request DefaultHttpRequest(decodeResult: success, version: HTTP/1.1)
POST /session/fdeee68c5a8427b06357474e8b233096/element HTTP/1.1
User-Agent: selenium/4.8.3 (java windows)
Content-Length: 51
Content-Type: application/json; charset=utf-8
host: localhost:22419
accept: */*

Response DefaultHttpResponse(decodeResult: success, version: HTTP/1.1)
HTTP/1.1 200 OK
Content-Length: 88
Content-Type: application/json; charset=utf-8
cache-control: no-cache

[DEBUG] Adding key: http://localhost:22419 for channel [id: 0xe1674df8, L:/127.0.0.1:55981 - R:localhost/127.0.0.1:22419]
[DEBUG] Using pooled Channel '[id: 0xe1674df8, L:/127.0.0.1:55981 - R:localhost/127.0.0.1:22419]' for 'POST' to 'http://localhost:22419/session/fdeee68c5a8427b06357474e8b233096/element/d3a221cc-c732-4b80-aa27-90bb2de65795/click'
[DEBUG] Using open Channel [id: 0xe1674df8, L:/127.0.0.1:55981 - R:localhost/127.0.0.1:22419] for POST '/session/fdeee68c5a8427b06357474e8b233096/element/d3a221cc-c732-4b80-aa27-90bb2de65795/click'
[DEBUG] Entry count for : http://localhost:55982 : 1
[DEBUG] 

Request DefaultHttpRequest(decodeResult: success, version: HTTP/1.1)
POST /session/fdeee68c5a8427b06357474e8b233096/element/d3a221cc-c732-4b80-aa27-90bb2de65795/click HTTP/1.1
User-Agent: selenium/4.8.3 (java windows)
Content-Length: 50
Content-Type: application/json; charset=utf-8
host: localhost:22419
accept: */*

Response DefaultHttpResponse(decodeResult: success, version: HTTP/1.1)
HTTP/1.1 200 OK
Content-Length: 14
Content-Type: application/json; charset=utf-8
cache-control: no-cache

[DEBUG] Adding key: http://localhost:22419 for channel [id: 0xe1674df8, L:/127.0.0.1:55981 - R:localhost/127.0.0.1:22419]
[DEBUG] Entry count for : http://localhost:22419 : 1
[DEBUG] Entry count for : http://localhost:55982 : 1
[DEBUG] Using pooled Channel '[id: 0xe1674df8, L:/127.0.0.1:55981 - R:localhost/127.0.0.1:22419]' for 'POST' to 'http://localhost:22419/session/fdeee68c5a8427b06357474e8b233096/element'
[DEBUG] Using open Channel [id: 0xe1674df8, L:/127.0.0.1:55981 - R:localhost/127.0.0.1:22419] for POST '/session/fdeee68c5a8427b06357474e8b233096/element'
[DEBUG] 

Request DefaultHttpRequest(decodeResult: success, version: HTTP/1.1)
POST /session/fdeee68c5a8427b06357474e8b233096/element HTTP/1.1
User-Agent: selenium/4.8.3 (java windows)
Content-Length: 51
Content-Type: application/json; charset=utf-8
host: localhost:22419
accept: */*

Response DefaultHttpResponse(decodeResult: success, version: HTTP/1.1)
HTTP/1.1 200 OK
Content-Length: 88
Content-Type: application/json; charset=utf-8
cache-control: no-cache

[DEBUG] Adding key: http://localhost:22419 for channel [id: 0xe1674df8, L:/127.0.0.1:55981 - R:localhost/127.0.0.1:22419]
[DEBUG] Using pooled Channel '[id: 0xe1674df8, L:/127.0.0.1:55981 - R:localhost/127.0.0.1:22419]' for 'POST' to 'http://localhost:22419/session/fdeee68c5a8427b06357474e8b233096/element/83c50e07-93e2-41f6-bfc8-ee31635a8357/value'
[DEBUG] Using open Channel [id: 0xe1674df8, L:/127.0.0.1:55981 - R:localhost/127.0.0.1:22419] for POST '/session/fdeee68c5a8427b06357474e8b233096/element/83c50e07-93e2-41f6-bfc8-ee31635a8357/value'
[DEBUG] 

Request DefaultHttpRequest(decodeResult: success, version: HTTP/1.1)
POST /session/fdeee68c5a8427b06357474e8b233096/element/83c50e07-93e2-41f6-bfc8-ee31635a8357/value HTTP/1.1
User-Agent: selenium/4.8.3 (java windows)
Content-Length: 371
Content-Type: application/json; charset=utf-8
host: localhost:22419
accept: */*

Response DefaultHttpResponse(decodeResult: success, version: HTTP/1.1)
HTTP/1.1 200 OK
Content-Length: 14
Content-Type: application/json; charset=utf-8
cache-control: no-cache

[DEBUG] Adding key: http://localhost:22419 for channel [id: 0xe1674df8, L:/127.0.0.1:55981 - R:localhost/127.0.0.1:22419]
[DEBUG] Using pooled Channel '[id: 0xe1674df8, L:/127.0.0.1:55981 - R:localhost/127.0.0.1:22419]' for 'POST' to 'http://localhost:22419/session/fdeee68c5a8427b06357474e8b233096/element'
[DEBUG] Using open Channel [id: 0xe1674df8, L:/127.0.0.1:55981 - R:localhost/127.0.0.1:22419] for POST '/session/fdeee68c5a8427b06357474e8b233096/element'
[DEBUG] 

Request DefaultHttpRequest(decodeResult: success, version: HTTP/1.1)
POST /session/fdeee68c5a8427b06357474e8b233096/element HTTP/1.1
User-Agent: selenium/4.8.3 (java windows)
Content-Length: 53
Content-Type: application/json; charset=utf-8
host: localhost:22419
accept: */*

Response DefaultHttpResponse(decodeResult: success, version: HTTP/1.1)
HTTP/1.1 200 OK
Content-Length: 88
Content-Type: application/json; charset=utf-8
cache-control: no-cache

[DEBUG] Adding key: http://localhost:22419 for channel [id: 0xe1674df8, L:/127.0.0.1:55981 - R:localhost/127.0.0.1:22419]
[DEBUG] Using pooled Channel '[id: 0xe1674df8, L:/127.0.0.1:55981 - R:localhost/127.0.0.1:22419]' for 'POST' to 'http://localhost:22419/session/fdeee68c5a8427b06357474e8b233096/element/a8dcd6c5-fd4c-4700-bb92-a6da014bcf9f/value'
[DEBUG] Using open Channel [id: 0xe1674df8, L:/127.0.0.1:55981 - R:localhost/127.0.0.1:22419] for POST '/session/fdeee68c5a8427b06357474e8b233096/element/a8dcd6c5-fd4c-4700-bb92-a6da014bcf9f/value'
[DEBUG] 

Request DefaultHttpRequest(decodeResult: success, version: HTTP/1.1)
POST /session/fdeee68c5a8427b06357474e8b233096/element/a8dcd6c5-fd4c-4700-bb92-a6da014bcf9f/value HTTP/1.1
User-Agent: selenium/4.8.3 (java windows)
Content-Length: 181
Content-Type: application/json; charset=utf-8
host: localhost:22419
accept: */*

Response DefaultHttpResponse(decodeResult: success, version: HTTP/1.1)
HTTP/1.1 200 OK
Content-Length: 14
Content-Type: application/json; charset=utf-8
cache-control: no-cache

[DEBUG] Adding key: http://localhost:22419 for channel [id: 0xe1674df8, L:/127.0.0.1:55981 - R:localhost/127.0.0.1:22419]
[DEBUG] Using pooled Channel '[id: 0xe1674df8, L:/127.0.0.1:55981 - R:localhost/127.0.0.1:22419]' for 'POST' to 'http://localhost:22419/session/fdeee68c5a8427b06357474e8b233096/element'
[DEBUG] Using open Channel [id: 0xe1674df8, L:/127.0.0.1:55981 - R:localhost/127.0.0.1:22419] for POST '/session/fdeee68c5a8427b06357474e8b233096/element'
[DEBUG] 

Request DefaultHttpRequest(decodeResult: success, version: HTTP/1.1)
POST /session/fdeee68c5a8427b06357474e8b233096/element HTTP/1.1
User-Agent: selenium/4.8.3 (java windows)
Content-Length: 54
Content-Type: application/json; charset=utf-8
host: localhost:22419
accept: */*

Response DefaultHttpResponse(decodeResult: success, version: HTTP/1.1)
HTTP/1.1 200 OK
Content-Length: 88
Content-Type: application/json; charset=utf-8
cache-control: no-cache

[DEBUG] Adding key: http://localhost:22419 for channel [id: 0xe1674df8, L:/127.0.0.1:55981 - R:localhost/127.0.0.1:22419]
[DEBUG] Using pooled Channel '[id: 0xe1674df8, L:/127.0.0.1:55981 - R:localhost/127.0.0.1:22419]' for 'POST' to 'http://localhost:22419/session/fdeee68c5a8427b06357474e8b233096/element/fdc3b454-3974-4962-8a8b-ad3533e8e9c3/click'
[DEBUG] Using open Channel [id: 0xe1674df8, L:/127.0.0.1:55981 - R:localhost/127.0.0.1:22419] for POST '/session/fdeee68c5a8427b06357474e8b233096/element/fdc3b454-3974-4962-8a8b-ad3533e8e9c3/click'
[DEBUG] Entry count for : http://localhost:55982 : 1
[DEBUG] Entry count for : http://localhost:55982 : 1
[DEBUG] Entry count for : http://localhost:55982 : 1
[DEBUG] Entry count for : http://localhost:55982 : 1
[DEBUG] 

Request DefaultHttpRequest(decodeResult: success, version: HTTP/1.1)
POST /session/fdeee68c5a8427b06357474e8b233096/element/fdc3b454-3974-4962-8a8b-ad3533e8e9c3/click HTTP/1.1
User-Agent: selenium/4.8.3 (java windows)
Content-Length: 50
Content-Type: application/json; charset=utf-8
host: localhost:22419
accept: */*

Response DefaultHttpResponse(decodeResult: success, version: HTTP/1.1)
HTTP/1.1 200 OK
Content-Length: 14
Content-Type: application/json; charset=utf-8
cache-control: no-cache

[DEBUG] Adding key: http://localhost:22419 for channel [id: 0xe1674df8, L:/127.0.0.1:55981 - R:localhost/127.0.0.1:22419]
[DEBUG] Using pooled Channel '[id: 0xe1674df8, L:/127.0.0.1:55981 - R:localhost/127.0.0.1:22419]' for 'POST' to 'http://localhost:22419/session/fdeee68c5a8427b06357474e8b233096/element'
[DEBUG] Using open Channel [id: 0xe1674df8, L:/127.0.0.1:55981 - R:localhost/127.0.0.1:22419] for POST '/session/fdeee68c5a8427b06357474e8b233096/element'
[DEBUG] 

Request DefaultHttpRequest(decodeResult: success, version: HTTP/1.1)
POST /session/fdeee68c5a8427b06357474e8b233096/element HTTP/1.1
User-Agent: selenium/4.8.3 (java windows)
Content-Length: 54
Content-Type: application/json; charset=utf-8
host: localhost:22419
accept: */*

Response DefaultHttpResponse(decodeResult: success, version: HTTP/1.1)
HTTP/1.1 200 OK
Content-Length: 88
Content-Type: application/json; charset=utf-8
cache-control: no-cache

[DEBUG] Adding key: http://localhost:22419 for channel [id: 0xe1674df8, L:/127.0.0.1:55981 - R:localhost/127.0.0.1:22419]
[DEBUG] Using pooled Channel '[id: 0xe1674df8, L:/127.0.0.1:55981 - R:localhost/127.0.0.1:22419]' for 'POST' to 'http://localhost:22419/session/fdeee68c5a8427b06357474e8b233096/execute/sync'
[DEBUG] Using open Channel [id: 0xe1674df8, L:/127.0.0.1:55981 - R:localhost/127.0.0.1:22419] for POST '/session/fdeee68c5a8427b06357474e8b233096/execute/sync'
[DEBUG] 

Request DefaultHttpRequest(decodeResult: success, version: HTTP/1.1)
POST /session/fdeee68c5a8427b06357474e8b233096/execute/sync HTTP/1.1
User-Agent: selenium/4.8.3 (java windows)
Content-Length: 48807
Content-Type: application/json; charset=utf-8
host: localhost:22419
accept: */*

Response DefaultHttpResponse(decodeResult: success, version: HTTP/1.1)
HTTP/1.1 200 OK
Content-Length: 14
Content-Type: application/json; charset=utf-8
cache-control: no-cache

[DEBUG] Adding key: http://localhost:22419 for channel [id: 0xe1674df8, L:/127.0.0.1:55981 - R:localhost/127.0.0.1:22419]
]]></system-out>
    <system-err><![CDATA[Starting ChromeDriver 111.0.5563.64 (c710e93d5b63b7095afe8c2c17df34408078439d-refs/branch-heads/5563@{#995}) on port 22419
Only local connections are allowed.
Please see https://chromedriver.chromium.org/security-considerations for suggestions on keeping ChromeDriver safe.
ChromeDriver was started successfully.
]]></system-err>
  </testcase>
  <testcase name="verifyRediffLoginWithValidUsernameAndValidPassword[seleniumpanda2@rediffmail.com, Donkey@123](3)" classname="com.rediff.qa.testcases.LoginTest" time="11.609">
    <failure message="no such element: Unable to locate element: {&quot;method&quot;:&quot;css selector&quot;,&quot;selector&quot;:&quot;.rd_logout&quot;}&#10;  (Session info: chrome=111.0.5563.147)&#10;For documentation on this error, please visit: https://selenium.dev/exceptions/#no_such_element&#10;Build info: version: &apos;4.8.3&apos;, revision: &apos;e5e76298c3&apos;&#10;System info: os.name: &apos;Windows 11&apos;, os.arch: &apos;amd64&apos;, os.version: &apos;10.0&apos;, java.version: &apos;1.8.0_351&apos;&#10;Driver info: org.openqa.selenium.chrome.ChromeDriver&#10;Command: [b91b1a4ed665033e2beec1ecee348c1f, findElement {using=class name, value=rd_logout}]&#10;Capabilities {acceptInsecureCerts: false, browserName: chrome, browserVersion: 111.0.5563.147, chrome: {chromedriverVersion: 111.0.5563.64 (c710e93d5b63..., userDataDir: C:\Users\autom\AppData\Loca...}, goog:chromeOptions: {debuggerAddress: localhost:56223}, networkConnectionEnabled: false, pageLoadStrategy: normal, platformName: WINDOWS, proxy: Proxy(), se:cdp: ws://localhost:56223/devtoo..., se:cdpVersion: 111.0.5563.147, setWindowRect: true, strictFileInteractability: false, timeouts: {implicit: 0, pageLoad: 300000, script: 30000}, unhandledPromptBehavior: dismiss and notify, webauthn:extension:credBlob: true, webauthn:extension:largeBlob: true, webauthn:extension:minPinLength: true, webauthn:extension:prf: true, webauthn:virtualAuthenticators: true}&#10;Session ID: b91b1a4ed665033e2beec1ecee348c1f" type="org.openqa.selenium.NoSuchElementException"><![CDATA[org.openqa.selenium.NoSuchElementException: 
no such element: Unable to locate element: {"method":"css selector","selector":".rd_logout"}
  (Session info: chrome=111.0.5563.147)
For documentation on this error, please visit: https://selenium.dev/exceptions/#no_such_element
Build info: version: '4.8.3', revision: 'e5e76298c3'
System info: os.name: 'Windows 11', os.arch: 'amd64', os.version: '10.0', java.version: '1.8.0_351'
Driver info: org.openqa.selenium.chrome.ChromeDriver
Command: [b91b1a4ed665033e2beec1ecee348c1f, findElement {using=class name, value=rd_logout}]
Capabilities {acceptInsecureCerts: false, browserName: chrome, browserVersion: 111.0.5563.147, chrome: {chromedriverVersion: 111.0.5563.64 (c710e93d5b63..., userDataDir: C:\Users\autom\AppData\Loca...}, goog:chromeOptions: {debuggerAddress: localhost:56223}, networkConnectionEnabled: false, pageLoadStrategy: normal, platformName: WINDOWS, proxy: Proxy(), se:cdp: ws://localhost:56223/devtoo..., se:cdpVersion: 111.0.5563.147, setWindowRect: true, strictFileInteractability: false, timeouts: {implicit: 0, pageLoad: 300000, script: 30000}, unhandledPromptBehavior: dismiss and notify, webauthn:extension:credBlob: true, webauthn:extension:largeBlob: true, webauthn:extension:minPinLength: true, webauthn:extension:prf: true, webauthn:virtualAuthenticators: true}
Session ID: b91b1a4ed665033e2beec1ecee348c1f
	at sun.reflect.NativeConstructorAccessorImpl.newInstance0(Native Method)
	at sun.reflect.NativeConstructorAccessorImpl.newInstance(NativeConstructorAccessorImpl.java:62)
	at sun.reflect.DelegatingConstructorAccessorImpl.newInstance(DelegatingConstructorAccessorImpl.java:45)
	at java.lang.reflect.Constructor.newInstance(Constructor.java:423)
	at org.openqa.selenium.remote.codec.w3c.W3CHttpResponseCodec.createException(W3CHttpResponseCodec.java:200)
	at org.openqa.selenium.remote.codec.w3c.W3CHttpResponseCodec.decode(W3CHttpResponseCodec.java:133)
	at org.openqa.selenium.remote.codec.w3c.W3CHttpResponseCodec.decode(W3CHttpResponseCodec.java:53)
	at org.openqa.selenium.remote.HttpCommandExecutor.execute(HttpCommandExecutor.java:193)
	at org.openqa.selenium.remote.service.DriverCommandExecutor.invokeExecute(DriverCommandExecutor.java:183)
	at org.openqa.selenium.remote.service.DriverCommandExecutor.execute(DriverCommandExecutor.java:158)
	at org.openqa.selenium.remote.RemoteWebDriver.execute(RemoteWebDriver.java:543)
	at org.openqa.selenium.remote.ElementLocation$ElementFinder$2.findElement(ElementLocation.java:162)
	at org.openqa.selenium.remote.ElementLocation.findElement(ElementLocation.java:60)
	at org.openqa.selenium.remote.RemoteWebDriver.findElement(RemoteWebDriver.java:352)
	at org.openqa.selenium.remote.RemoteWebDriver.findElement(RemoteWebDriver.java:344)
	at com.rediff.qa.testcases.LoginTest.verifyRediffLoginWithValidUsernameAndValidPassword(LoginTest.java:38)
	at sun.reflect.NativeMethodAccessorImpl.invoke0(Native Method)
	at sun.reflect.NativeMethodAccessorImpl.invoke(NativeMethodAccessorImpl.java:62)
	at sun.reflect.DelegatingMethodAccessorImpl.invoke(DelegatingMethodAccessorImpl.java:43)
	at java.lang.reflect.Method.invoke(Method.java:498)
	at org.testng.internal.MethodInvocationHelper.invokeMethod(MethodInvocationHelper.java:124)
	at org.testng.internal.Invoker.invokeMethod(Invoker.java:583)
	at org.testng.internal.Invoker.invokeTestMethod(Invoker.java:719)
	at org.testng.internal.Invoker.invokeTestMethods(Invoker.java:989)
	at org.testng.internal.TestMethodWorker.invokeTestMethods(TestMethodWorker.java:125)
	at org.testng.internal.TestMethodWorker.run(TestMethodWorker.java:109)
	at org.testng.TestRunner.privateRun(TestRunner.java:648)
	at org.testng.TestRunner.run(TestRunner.java:505)
	at org.testng.SuiteRunner.runTest(SuiteRunner.java:455)
	at org.testng.SuiteRunner.runSequentially(SuiteRunner.java:450)
	at org.testng.SuiteRunner.privateRun(SuiteRunner.java:415)
	at org.testng.SuiteRunner.run(SuiteRunner.java:364)
	at org.testng.SuiteRunnerWorker.runSuite(SuiteRunnerWorker.java:52)
	at org.testng.SuiteRunnerWorker.run(SuiteRunnerWorker.java:84)
	at org.testng.TestNG.runSuitesSequentially(TestNG.java:1208)
	at org.testng.TestNG.runSuitesLocally(TestNG.java:1137)
	at org.testng.TestNG.runSuites(TestNG.java:1049)
	at org.testng.TestNG.run(TestNG.java:1017)
	at org.apache.maven.surefire.testng.TestNGExecutor.run(TestNGExecutor.java:324)
	at org.apache.maven.surefire.testng.TestNGXmlTestSuite.execute(TestNGXmlTestSuite.java:74)
	at org.apache.maven.surefire.testng.TestNGProvider.invoke(TestNGProvider.java:123)
	at org.apache.maven.surefire.booter.ForkedBooter.runSuitesInProcess(ForkedBooter.java:456)
	at org.apache.maven.surefire.booter.ForkedBooter.execute(ForkedBooter.java:169)
	at org.apache.maven.surefire.booter.ForkedBooter.run(ForkedBooter.java:595)
	at org.apache.maven.surefire.booter.ForkedBooter.main(ForkedBooter.java:581)
]]></failure>
    <system-out><![CDATA[[DEBUG] Channel Closed: [id: 0xdbad1d6c, L:/127.0.0.1:55989 ! R:localhost/127.0.0.1:55982] with attribute NettyResponseFuture{currentRetry=0,
	isDone=1,
	isCancelled=0,
	asyncHandler=org.asynchttpclient.ws.WebSocketUpgradeHandler@4ef0441b,
	nettyRequest=org.asynchttpclient.netty.request.NettyRequest@bf2d3a1,
	future=java.util.concurrent.CompletableFuture@e84c6c3[Completed normally],
	uri=ws://localhost:55982/devtools/browser/2d4fa16e-bfcb-4f80-8832-2b4161d67cc2,
	keepAlive=true,
	redirectCount=0,
	timeoutsHolder=null,
	inAuth=0,
	touch=1680661524280}
[DEBUG] Closing Channel [id: 0xdbad1d6c, L:/127.0.0.1:55989 ! R:localhost/127.0.0.1:55982] 
[DEBUG] Using pooled Channel '[id: 0xe1674df8, L:/127.0.0.1:55981 - R:localhost/127.0.0.1:22419]' for 'DELETE' to 'http://localhost:22419/session/fdeee68c5a8427b06357474e8b233096'
[DEBUG] Using open Channel [id: 0xe1674df8, L:/127.0.0.1:55981 - R:localhost/127.0.0.1:22419] for DELETE '/session/fdeee68c5a8427b06357474e8b233096'
[DEBUG] Unexpected I/O exception on channel [id: 0x8d5bc619, L:/127.0.0.1:55988 - R:localhost/127.0.0.1:55982]
java.io.IOException: An existing connection was forcibly closed by the remote host
	at sun.nio.ch.SocketDispatcher.read0(Native Method) ~[na:1.8.0_351]
	at sun.nio.ch.SocketDispatcher.read(SocketDispatcher.java:43) ~[na:1.8.0_351]
	at sun.nio.ch.IOUtil.readIntoNativeBuffer(IOUtil.java:223) ~[na:1.8.0_351]
	at sun.nio.ch.IOUtil.read(IOUtil.java:192) ~[na:1.8.0_351]
	at sun.nio.ch.SocketChannelImpl.read(SocketChannelImpl.java:378) ~[na:1.8.0_351]
	at io.netty.buffer.PooledByteBuf.setBytes(PooledByteBuf.java:256) ~[netty-buffer-4.1.90.Final.jar:4.1.90.Final]
	at io.netty.buffer.AbstractByteBuf.writeBytes(AbstractByteBuf.java:1132) ~[netty-buffer-4.1.90.Final.jar:4.1.90.Final]
	at io.netty.channel.socket.nio.NioSocketChannel.doReadBytes(NioSocketChannel.java:357) ~[netty-transport-4.1.90.Final.jar:4.1.90.Final]
	at io.netty.channel.nio.AbstractNioByteChannel$NioByteUnsafe.read(AbstractNioByteChannel.java:151) ~[netty-transport-4.1.90.Final.jar:4.1.90.Final]
	at io.netty.channel.nio.NioEventLoop.processSelectedKey(NioEventLoop.java:788) [netty-transport-4.1.90.Final.jar:4.1.90.Final]
	at io.netty.channel.nio.NioEventLoop.processSelectedKeysOptimized(NioEventLoop.java:724) [netty-transport-4.1.90.Final.jar:4.1.90.Final]
	at io.netty.channel.nio.NioEventLoop.processSelectedKeys(NioEventLoop.java:650) [netty-transport-4.1.90.Final.jar:4.1.90.Final]
	at io.netty.channel.nio.NioEventLoop.run(NioEventLoop.java:562) [netty-transport-4.1.90.Final.jar:4.1.90.Final]
	at io.netty.util.concurrent.SingleThreadEventExecutor$4.run(SingleThreadEventExecutor.java:997) [netty-common-4.1.90.Final.jar:4.1.90.Final]
	at io.netty.util.internal.ThreadExecutorMap$2.run(ThreadExecutorMap.java:74) [netty-common-4.1.90.Final.jar:4.1.90.Final]
	at io.netty.util.concurrent.FastThreadLocalRunnable.run(FastThreadLocalRunnable.java:30) [netty-common-4.1.90.Final.jar:4.1.90.Final]
	at java.lang.Thread.run(Thread.java:750) [na:1.8.0_351]
[DEBUG] Closing Channel [id: 0x8d5bc619, L:/127.0.0.1:55988 - R:localhost/127.0.0.1:55982] 
[DEBUG] Channel Closed: [id: 0x8d5bc619, L:/127.0.0.1:55988 ! R:localhost/127.0.0.1:55982] with attribute DISCARD
[DEBUG] 

Request DefaultFullHttpRequest(decodeResult: success, version: HTTP/1.1, content: EmptyByteBufBE)
DELETE /session/fdeee68c5a8427b06357474e8b233096 HTTP/1.1
User-Agent: selenium/4.8.3 (java windows)
Content-Type: application/json; charset=utf-8
host: localhost:22419
accept: */*

Response DefaultHttpResponse(decodeResult: success, version: HTTP/1.1)
HTTP/1.1 200 OK
Content-Length: 14
Content-Type: application/json; charset=utf-8
cache-control: no-cache

[DEBUG] Adding key: http://localhost:22419 for channel [id: 0xe1674df8, L:/127.0.0.1:55981 - R:localhost/127.0.0.1:22419]
[DEBUG] Channel Closed: [id: 0xe1674df8, L:/127.0.0.1:55981 ! R:localhost/127.0.0.1:22419] with attribute DISCARD
[DEBUG] Entry count for : http://localhost:22419 : 1
[DEBUG] Entry count for : http://localhost:55982 : 1
[DEBUG] Adding Candidate expired Channel [id: 0xe1674df8, L:/127.0.0.1:55981 ! R:localhost/127.0.0.1:22419] isIdleTimeoutExpired=false isRemotelyClosed=true isTtlExpired=false
[DEBUG] Closing Idle Channel [id: 0xe1674df8, L:/127.0.0.1:55981 ! R:localhost/127.0.0.1:22419]
[DEBUG] Adding Candidate expired Channel [id: 0x8d5bc619, L:/127.0.0.1:55988 ! R:localhost/127.0.0.1:55982] isIdleTimeoutExpired=false isRemotelyClosed=true isTtlExpired=false
[DEBUG] Closing Idle Channel [id: 0x8d5bc619, L:/127.0.0.1:55988 ! R:localhost/127.0.0.1:55982]
[DEBUG] Closed 2 connections out of 2 in 0 ms
[DEBUG] Using new Channel '[id: 0xa2de44a7, L:/127.0.0.1:56221 - R:localhost/127.0.0.1:41675]' for 'POST' to '/session'
[DEBUG] 

Request DefaultHttpRequest(decodeResult: success, version: HTTP/1.1)
POST /session HTTP/1.1
User-Agent: selenium/4.8.3 (java windows)
Content-Length: 439
Content-Type: application/json; charset=utf-8
host: localhost:41675
accept: */*

Response DefaultHttpResponse(decodeResult: success, version: HTTP/1.1)
HTTP/1.1 200 OK
Content-Length: 860
Content-Type: application/json; charset=utf-8
cache-control: no-cache

[DEBUG] Adding key: http://localhost:41675 for channel [id: 0xa2de44a7, L:/127.0.0.1:56221 - R:localhost/127.0.0.1:41675]
[DEBUG] Using new Channel '[id: 0xf23c6cce, L:/127.0.0.1:56229 - R:localhost/127.0.0.1:56223]' for 'GET' to '/json/version'
[DEBUG] 

Request DefaultFullHttpRequest(decodeResult: success, version: HTTP/1.1, content: EmptyByteBufBE)
GET /json/version HTTP/1.1
User-Agent: selenium/4.8.3 (java windows)
host: localhost:56223
accept: */*

Response DefaultHttpResponse(decodeResult: success, version: HTTP/1.1)
HTTP/1.1 200 OK
Content-Security-Policy: frame-ancestors 'none'
Content-Length: 424
Content-Type: application/json; charset=UTF-8

[DEBUG] Adding key: http://localhost:56223 for channel [id: 0xf23c6cce, L:/127.0.0.1:56229 - R:localhost/127.0.0.1:56223]
[DEBUG] Using new Channel '[id: 0x96e2c03c, L:/127.0.0.1:56230 - R:localhost/127.0.0.1:56223]' for 'GET' to '/devtools/browser/c4493811-6f93-4791-b413-a4abd91fc3d0'
[DEBUG] 

Request DefaultFullHttpRequest(decodeResult: success, version: HTTP/1.1, content: EmptyByteBufBE)
GET /devtools/browser/c4493811-6f93-4791-b413-a4abd91fc3d0 HTTP/1.1
upgrade: websocket
connection: upgrade
sec-websocket-key: sbCb78uN4gb4rGh2Skvmkw==
sec-websocket-version: 13
origin: http://localhost:56223
host: localhost:56223
accept: */*
user-agent: AHC/2.1

Response DefaultHttpResponse(decodeResult: success, version: HTTP/1.1)
HTTP/1.1 101 WebSocket Protocol Handshake
Upgrade: WebSocket
Connection: Upgrade
Sec-WebSocket-Accept: L8+DbVfeQvldENyWPSjr1PLesss=

[DEBUG] Using pooled Channel '[id: 0xa2de44a7, L:/127.0.0.1:56221 - R:localhost/127.0.0.1:41675]' for 'POST' to 'http://localhost:41675/session/b91b1a4ed665033e2beec1ecee348c1f/window/maximize'
[DEBUG] Using open Channel [id: 0xa2de44a7, L:/127.0.0.1:56221 - R:localhost/127.0.0.1:41675] for POST '/session/b91b1a4ed665033e2beec1ecee348c1f/window/maximize'
[DEBUG] 

Request DefaultHttpRequest(decodeResult: success, version: HTTP/1.1)
POST /session/b91b1a4ed665033e2beec1ecee348c1f/window/maximize HTTP/1.1
User-Agent: selenium/4.8.3 (java windows)
Content-Length: 3
Content-Type: application/json; charset=utf-8
host: localhost:41675
accept: */*

Response DefaultHttpResponse(decodeResult: success, version: HTTP/1.1)
HTTP/1.1 200 OK
Content-Length: 52
Content-Type: application/json; charset=utf-8
cache-control: no-cache

[DEBUG] Adding key: http://localhost:41675 for channel [id: 0xa2de44a7, L:/127.0.0.1:56221 - R:localhost/127.0.0.1:41675]
[DEBUG] Using pooled Channel '[id: 0xa2de44a7, L:/127.0.0.1:56221 - R:localhost/127.0.0.1:41675]' for 'DELETE' to 'http://localhost:41675/session/b91b1a4ed665033e2beec1ecee348c1f/cookie'
[DEBUG] Using open Channel [id: 0xa2de44a7, L:/127.0.0.1:56221 - R:localhost/127.0.0.1:41675] for DELETE '/session/b91b1a4ed665033e2beec1ecee348c1f/cookie'
[DEBUG] 

Request DefaultFullHttpRequest(decodeResult: success, version: HTTP/1.1, content: EmptyByteBufBE)
DELETE /session/b91b1a4ed665033e2beec1ecee348c1f/cookie HTTP/1.1
User-Agent: selenium/4.8.3 (java windows)
Content-Type: application/json; charset=utf-8
host: localhost:41675
accept: */*

Response DefaultHttpResponse(decodeResult: success, version: HTTP/1.1)
HTTP/1.1 200 OK
Content-Length: 14
Content-Type: application/json; charset=utf-8
cache-control: no-cache

[DEBUG] Adding key: http://localhost:41675 for channel [id: 0xa2de44a7, L:/127.0.0.1:56221 - R:localhost/127.0.0.1:41675]
[DEBUG] Using pooled Channel '[id: 0xa2de44a7, L:/127.0.0.1:56221 - R:localhost/127.0.0.1:41675]' for 'POST' to 'http://localhost:41675/session/b91b1a4ed665033e2beec1ecee348c1f/timeouts'
[DEBUG] Using open Channel [id: 0xa2de44a7, L:/127.0.0.1:56221 - R:localhost/127.0.0.1:41675] for POST '/session/b91b1a4ed665033e2beec1ecee348c1f/timeouts'
[DEBUG] 

Request DefaultHttpRequest(decodeResult: success, version: HTTP/1.1)
POST /session/b91b1a4ed665033e2beec1ecee348c1f/timeouts HTTP/1.1
User-Agent: selenium/4.8.3 (java windows)
Content-Length: 23
Content-Type: application/json; charset=utf-8
host: localhost:41675
accept: */*

Response DefaultHttpResponse(decodeResult: success, version: HTTP/1.1)
HTTP/1.1 200 OK
Content-Length: 14
Content-Type: application/json; charset=utf-8
cache-control: no-cache

[DEBUG] Adding key: http://localhost:41675 for channel [id: 0xa2de44a7, L:/127.0.0.1:56221 - R:localhost/127.0.0.1:41675]
[DEBUG] Using pooled Channel '[id: 0xa2de44a7, L:/127.0.0.1:56221 - R:localhost/127.0.0.1:41675]' for 'POST' to 'http://localhost:41675/session/b91b1a4ed665033e2beec1ecee348c1f/timeouts'
[DEBUG] Using open Channel [id: 0xa2de44a7, L:/127.0.0.1:56221 - R:localhost/127.0.0.1:41675] for POST '/session/b91b1a4ed665033e2beec1ecee348c1f/timeouts'
[DEBUG] 

Request DefaultHttpRequest(decodeResult: success, version: HTTP/1.1)
POST /session/b91b1a4ed665033e2beec1ecee348c1f/timeouts HTTP/1.1
User-Agent: selenium/4.8.3 (java windows)
Content-Length: 23
Content-Type: application/json; charset=utf-8
host: localhost:41675
accept: */*

Response DefaultHttpResponse(decodeResult: success, version: HTTP/1.1)
HTTP/1.1 200 OK
Content-Length: 14
Content-Type: application/json; charset=utf-8
cache-control: no-cache

[DEBUG] Adding key: http://localhost:41675 for channel [id: 0xa2de44a7, L:/127.0.0.1:56221 - R:localhost/127.0.0.1:41675]
[DEBUG] Using pooled Channel '[id: 0xa2de44a7, L:/127.0.0.1:56221 - R:localhost/127.0.0.1:41675]' for 'POST' to 'http://localhost:41675/session/b91b1a4ed665033e2beec1ecee348c1f/timeouts'
[DEBUG] Using open Channel [id: 0xa2de44a7, L:/127.0.0.1:56221 - R:localhost/127.0.0.1:41675] for POST '/session/b91b1a4ed665033e2beec1ecee348c1f/timeouts'
[DEBUG] 

Request DefaultHttpRequest(decodeResult: success, version: HTTP/1.1)
POST /session/b91b1a4ed665033e2beec1ecee348c1f/timeouts HTTP/1.1
User-Agent: selenium/4.8.3 (java windows)
Content-Length: 22
Content-Type: application/json; charset=utf-8
host: localhost:41675
accept: */*

Response DefaultHttpResponse(decodeResult: success, version: HTTP/1.1)
HTTP/1.1 200 OK
Content-Length: 14
Content-Type: application/json; charset=utf-8
cache-control: no-cache

[DEBUG] Adding key: http://localhost:41675 for channel [id: 0xa2de44a7, L:/127.0.0.1:56221 - R:localhost/127.0.0.1:41675]
[DEBUG] Using pooled Channel '[id: 0xa2de44a7, L:/127.0.0.1:56221 - R:localhost/127.0.0.1:41675]' for 'POST' to 'http://localhost:41675/session/b91b1a4ed665033e2beec1ecee348c1f/url'
[DEBUG] Using open Channel [id: 0xa2de44a7, L:/127.0.0.1:56221 - R:localhost/127.0.0.1:41675] for POST '/session/b91b1a4ed665033e2beec1ecee348c1f/url'
[DEBUG] Entry count for : http://localhost:56223 : 1
[DEBUG] Entry count for : http://localhost:56223 : 1
[DEBUG] Entry count for : http://localhost:56223 : 1
[DEBUG] 

Request DefaultHttpRequest(decodeResult: success, version: HTTP/1.1)
POST /session/b91b1a4ed665033e2beec1ecee348c1f/url HTTP/1.1
User-Agent: selenium/4.8.3 (java windows)
Content-Length: 43
Content-Type: application/json; charset=utf-8
host: localhost:41675
accept: */*

Response DefaultHttpResponse(decodeResult: success, version: HTTP/1.1)
HTTP/1.1 200 OK
Content-Length: 14
Content-Type: application/json; charset=utf-8
cache-control: no-cache

[DEBUG] Adding key: http://localhost:41675 for channel [id: 0xa2de44a7, L:/127.0.0.1:56221 - R:localhost/127.0.0.1:41675]
[DEBUG] Using pooled Channel '[id: 0xa2de44a7, L:/127.0.0.1:56221 - R:localhost/127.0.0.1:41675]' for 'POST' to 'http://localhost:41675/session/b91b1a4ed665033e2beec1ecee348c1f/element'
[DEBUG] Using open Channel [id: 0xa2de44a7, L:/127.0.0.1:56221 - R:localhost/127.0.0.1:41675] for POST '/session/b91b1a4ed665033e2beec1ecee348c1f/element'
[DEBUG] 

Request DefaultHttpRequest(decodeResult: success, version: HTTP/1.1)
POST /session/b91b1a4ed665033e2beec1ecee348c1f/element HTTP/1.1
User-Agent: selenium/4.8.3 (java windows)
Content-Length: 51
Content-Type: application/json; charset=utf-8
host: localhost:41675
accept: */*

Response DefaultHttpResponse(decodeResult: success, version: HTTP/1.1)
HTTP/1.1 200 OK
Content-Length: 88
Content-Type: application/json; charset=utf-8
cache-control: no-cache

[DEBUG] Adding key: http://localhost:41675 for channel [id: 0xa2de44a7, L:/127.0.0.1:56221 - R:localhost/127.0.0.1:41675]
[DEBUG] Using pooled Channel '[id: 0xa2de44a7, L:/127.0.0.1:56221 - R:localhost/127.0.0.1:41675]' for 'POST' to 'http://localhost:41675/session/b91b1a4ed665033e2beec1ecee348c1f/element/4cf249ee-6aea-4013-ae44-b9372665e522/click'
[DEBUG] Using open Channel [id: 0xa2de44a7, L:/127.0.0.1:56221 - R:localhost/127.0.0.1:41675] for POST '/session/b91b1a4ed665033e2beec1ecee348c1f/element/4cf249ee-6aea-4013-ae44-b9372665e522/click'
[DEBUG] Entry count for : http://localhost:56223 : 1
[DEBUG] 

Request DefaultHttpRequest(decodeResult: success, version: HTTP/1.1)
POST /session/b91b1a4ed665033e2beec1ecee348c1f/element/4cf249ee-6aea-4013-ae44-b9372665e522/click HTTP/1.1
User-Agent: selenium/4.8.3 (java windows)
Content-Length: 50
Content-Type: application/json; charset=utf-8
host: localhost:41675
accept: */*

Response DefaultHttpResponse(decodeResult: success, version: HTTP/1.1)
HTTP/1.1 200 OK
Content-Length: 14
Content-Type: application/json; charset=utf-8
cache-control: no-cache

[DEBUG] Adding key: http://localhost:41675 for channel [id: 0xa2de44a7, L:/127.0.0.1:56221 - R:localhost/127.0.0.1:41675]
[DEBUG] Entry count for : http://localhost:56223 : 1
[DEBUG] Entry count for : http://localhost:41675 : 1
[DEBUG] Using pooled Channel '[id: 0xa2de44a7, L:/127.0.0.1:56221 - R:localhost/127.0.0.1:41675]' for 'POST' to 'http://localhost:41675/session/b91b1a4ed665033e2beec1ecee348c1f/element'
[DEBUG] Using open Channel [id: 0xa2de44a7, L:/127.0.0.1:56221 - R:localhost/127.0.0.1:41675] for POST '/session/b91b1a4ed665033e2beec1ecee348c1f/element'
[DEBUG] 

Request DefaultHttpRequest(decodeResult: success, version: HTTP/1.1)
POST /session/b91b1a4ed665033e2beec1ecee348c1f/element HTTP/1.1
User-Agent: selenium/4.8.3 (java windows)
Content-Length: 51
Content-Type: application/json; charset=utf-8
host: localhost:41675
accept: */*

Response DefaultHttpResponse(decodeResult: success, version: HTTP/1.1)
HTTP/1.1 200 OK
Content-Length: 88
Content-Type: application/json; charset=utf-8
cache-control: no-cache

[DEBUG] Adding key: http://localhost:41675 for channel [id: 0xa2de44a7, L:/127.0.0.1:56221 - R:localhost/127.0.0.1:41675]
[DEBUG] Using pooled Channel '[id: 0xa2de44a7, L:/127.0.0.1:56221 - R:localhost/127.0.0.1:41675]' for 'POST' to 'http://localhost:41675/session/b91b1a4ed665033e2beec1ecee348c1f/element/5b6681e6-4b49-4933-a1b6-1de3a56c61bd/value'
[DEBUG] Using open Channel [id: 0xa2de44a7, L:/127.0.0.1:56221 - R:localhost/127.0.0.1:41675] for POST '/session/b91b1a4ed665033e2beec1ecee348c1f/element/5b6681e6-4b49-4933-a1b6-1de3a56c61bd/value'
[DEBUG] 

Request DefaultHttpRequest(decodeResult: success, version: HTTP/1.1)
POST /session/b91b1a4ed665033e2beec1ecee348c1f/element/5b6681e6-4b49-4933-a1b6-1de3a56c61bd/value HTTP/1.1
User-Agent: selenium/4.8.3 (java windows)
Content-Length: 371
Content-Type: application/json; charset=utf-8
host: localhost:41675
accept: */*

Response DefaultHttpResponse(decodeResult: success, version: HTTP/1.1)
HTTP/1.1 200 OK
Content-Length: 14
Content-Type: application/json; charset=utf-8
cache-control: no-cache

[DEBUG] Adding key: http://localhost:41675 for channel [id: 0xa2de44a7, L:/127.0.0.1:56221 - R:localhost/127.0.0.1:41675]
[DEBUG] Using pooled Channel '[id: 0xa2de44a7, L:/127.0.0.1:56221 - R:localhost/127.0.0.1:41675]' for 'POST' to 'http://localhost:41675/session/b91b1a4ed665033e2beec1ecee348c1f/element'
[DEBUG] Using open Channel [id: 0xa2de44a7, L:/127.0.0.1:56221 - R:localhost/127.0.0.1:41675] for POST '/session/b91b1a4ed665033e2beec1ecee348c1f/element'
[DEBUG] 

Request DefaultHttpRequest(decodeResult: success, version: HTTP/1.1)
POST /session/b91b1a4ed665033e2beec1ecee348c1f/element HTTP/1.1
User-Agent: selenium/4.8.3 (java windows)
Content-Length: 53
Content-Type: application/json; charset=utf-8
host: localhost:41675
accept: */*

Response DefaultHttpResponse(decodeResult: success, version: HTTP/1.1)
HTTP/1.1 200 OK
Content-Length: 88
Content-Type: application/json; charset=utf-8
cache-control: no-cache

[DEBUG] Adding key: http://localhost:41675 for channel [id: 0xa2de44a7, L:/127.0.0.1:56221 - R:localhost/127.0.0.1:41675]
[DEBUG] Using pooled Channel '[id: 0xa2de44a7, L:/127.0.0.1:56221 - R:localhost/127.0.0.1:41675]' for 'POST' to 'http://localhost:41675/session/b91b1a4ed665033e2beec1ecee348c1f/element/ca567474-ca0e-4ab1-affc-798acb3fba3a/value'
[DEBUG] Using open Channel [id: 0xa2de44a7, L:/127.0.0.1:56221 - R:localhost/127.0.0.1:41675] for POST '/session/b91b1a4ed665033e2beec1ecee348c1f/element/ca567474-ca0e-4ab1-affc-798acb3fba3a/value'
[DEBUG] Entry count for : http://localhost:56223 : 1
[DEBUG] 

Request DefaultHttpRequest(decodeResult: success, version: HTTP/1.1)
POST /session/b91b1a4ed665033e2beec1ecee348c1f/element/ca567474-ca0e-4ab1-affc-798acb3fba3a/value HTTP/1.1
User-Agent: selenium/4.8.3 (java windows)
Content-Length: 181
Content-Type: application/json; charset=utf-8
host: localhost:41675
accept: */*

Response DefaultHttpResponse(decodeResult: success, version: HTTP/1.1)
HTTP/1.1 200 OK
Content-Length: 14
Content-Type: application/json; charset=utf-8
cache-control: no-cache

[DEBUG] Adding key: http://localhost:41675 for channel [id: 0xa2de44a7, L:/127.0.0.1:56221 - R:localhost/127.0.0.1:41675]
[DEBUG] Using pooled Channel '[id: 0xa2de44a7, L:/127.0.0.1:56221 - R:localhost/127.0.0.1:41675]' for 'POST' to 'http://localhost:41675/session/b91b1a4ed665033e2beec1ecee348c1f/element'
[DEBUG] Using open Channel [id: 0xa2de44a7, L:/127.0.0.1:56221 - R:localhost/127.0.0.1:41675] for POST '/session/b91b1a4ed665033e2beec1ecee348c1f/element'
[DEBUG] 

Request DefaultHttpRequest(decodeResult: success, version: HTTP/1.1)
POST /session/b91b1a4ed665033e2beec1ecee348c1f/element HTTP/1.1
User-Agent: selenium/4.8.3 (java windows)
Content-Length: 54
Content-Type: application/json; charset=utf-8
host: localhost:41675
accept: */*

Response DefaultHttpResponse(decodeResult: success, version: HTTP/1.1)
HTTP/1.1 200 OK
Content-Length: 88
Content-Type: application/json; charset=utf-8
cache-control: no-cache

[DEBUG] Adding key: http://localhost:41675 for channel [id: 0xa2de44a7, L:/127.0.0.1:56221 - R:localhost/127.0.0.1:41675]
[DEBUG] Using pooled Channel '[id: 0xa2de44a7, L:/127.0.0.1:56221 - R:localhost/127.0.0.1:41675]' for 'POST' to 'http://localhost:41675/session/b91b1a4ed665033e2beec1ecee348c1f/element/ea3bca86-0851-46bb-83d3-7a489d7be956/click'
[DEBUG] Using open Channel [id: 0xa2de44a7, L:/127.0.0.1:56221 - R:localhost/127.0.0.1:41675] for POST '/session/b91b1a4ed665033e2beec1ecee348c1f/element/ea3bca86-0851-46bb-83d3-7a489d7be956/click'
[DEBUG] 

Request DefaultHttpRequest(decodeResult: success, version: HTTP/1.1)
POST /session/b91b1a4ed665033e2beec1ecee348c1f/element/ea3bca86-0851-46bb-83d3-7a489d7be956/click HTTP/1.1
User-Agent: selenium/4.8.3 (java windows)
Content-Length: 50
Content-Type: application/json; charset=utf-8
host: localhost:41675
accept: */*

Response DefaultHttpResponse(decodeResult: success, version: HTTP/1.1)
HTTP/1.1 200 OK
Content-Length: 14
Content-Type: application/json; charset=utf-8
cache-control: no-cache

[DEBUG] Adding key: http://localhost:41675 for channel [id: 0xa2de44a7, L:/127.0.0.1:56221 - R:localhost/127.0.0.1:41675]
[DEBUG] Using pooled Channel '[id: 0xa2de44a7, L:/127.0.0.1:56221 - R:localhost/127.0.0.1:41675]' for 'POST' to 'http://localhost:41675/session/b91b1a4ed665033e2beec1ecee348c1f/element'
[DEBUG] Using open Channel [id: 0xa2de44a7, L:/127.0.0.1:56221 - R:localhost/127.0.0.1:41675] for POST '/session/b91b1a4ed665033e2beec1ecee348c1f/element'
[DEBUG] Entry count for : http://localhost:56223 : 1
[DEBUG] Entry count for : http://localhost:56223 : 1
[DEBUG] Entry count for : http://localhost:56223 : 1
[DEBUG] Entry count for : http://localhost:56223 : 1
[DEBUG] Entry count for : http://localhost:56223 : 1
[DEBUG] Entry count for : http://localhost:56223 : 1
[DEBUG] Entry count for : http://localhost:56223 : 1
[DEBUG] Entry count for : http://localhost:56223 : 1
[DEBUG] Entry count for : http://localhost:56223 : 1
[DEBUG] 

Request DefaultHttpRequest(decodeResult: success, version: HTTP/1.1)
POST /session/b91b1a4ed665033e2beec1ecee348c1f/element HTTP/1.1
User-Agent: selenium/4.8.3 (java windows)
Content-Length: 54
Content-Type: application/json; charset=utf-8
host: localhost:41675
accept: */*

Response DefaultHttpResponse(decodeResult: success, version: HTTP/1.1)
HTTP/1.1 404 Not Found
Content-Length: 926
Content-Type: application/json; charset=utf-8
cache-control: no-cache

[DEBUG] Adding key: http://localhost:41675 for channel [id: 0xa2de44a7, L:/127.0.0.1:56221 - R:localhost/127.0.0.1:41675]
]]></system-out>
    <system-err><![CDATA[Starting ChromeDriver 111.0.5563.64 (c710e93d5b63b7095afe8c2c17df34408078439d-refs/branch-heads/5563@{#995}) on port 41675
Only local connections are allowed.
Please see https://chromedriver.chromium.org/security-considerations for suggestions on keeping ChromeDriver safe.
ChromeDriver was started successfully.
]]></system-err>
  </testcase>
  <testcase name="verifyRediffLoginWithValidUsernameAndValidPassword[Mohamedboudguig@rediffmail.com, Medbdg0707@](4)" classname="com.rediff.qa.testcases.LoginTest" time="7.825">
    <system-out><![CDATA[[DEBUG] Channel Closed: [id: 0x96e2c03c, L:/127.0.0.1:56230 ! R:localhost/127.0.0.1:56223] with attribute NettyResponseFuture{currentRetry=0,
	isDone=1,
	isCancelled=0,
	asyncHandler=org.asynchttpclient.ws.WebSocketUpgradeHandler@5fda313e,
	nettyRequest=org.asynchttpclient.netty.request.NettyRequest@1ad8a4a1,
	future=java.util.concurrent.CompletableFuture@5d6f6d9e[Completed normally],
	uri=ws://localhost:56223/devtools/browser/c4493811-6f93-4791-b413-a4abd91fc3d0,
	keepAlive=true,
	redirectCount=0,
	timeoutsHolder=null,
	inAuth=0,
	touch=1680661534940}
[DEBUG] Closing Channel [id: 0x96e2c03c, L:/127.0.0.1:56230 ! R:localhost/127.0.0.1:56223] 
[DEBUG] Using pooled Channel '[id: 0xa2de44a7, L:/127.0.0.1:56221 - R:localhost/127.0.0.1:41675]' for 'DELETE' to 'http://localhost:41675/session/b91b1a4ed665033e2beec1ecee348c1f'
[DEBUG] Using open Channel [id: 0xa2de44a7, L:/127.0.0.1:56221 - R:localhost/127.0.0.1:41675] for DELETE '/session/b91b1a4ed665033e2beec1ecee348c1f'
[DEBUG] Unexpected I/O exception on channel [id: 0xf23c6cce, L:/127.0.0.1:56229 - R:localhost/127.0.0.1:56223]
java.io.IOException: An existing connection was forcibly closed by the remote host
	at sun.nio.ch.SocketDispatcher.read0(Native Method) ~[na:1.8.0_351]
	at sun.nio.ch.SocketDispatcher.read(SocketDispatcher.java:43) ~[na:1.8.0_351]
	at sun.nio.ch.IOUtil.readIntoNativeBuffer(IOUtil.java:223) ~[na:1.8.0_351]
	at sun.nio.ch.IOUtil.read(IOUtil.java:192) ~[na:1.8.0_351]
	at sun.nio.ch.SocketChannelImpl.read(SocketChannelImpl.java:378) ~[na:1.8.0_351]
	at io.netty.buffer.PooledByteBuf.setBytes(PooledByteBuf.java:256) ~[netty-buffer-4.1.90.Final.jar:4.1.90.Final]
	at io.netty.buffer.AbstractByteBuf.writeBytes(AbstractByteBuf.java:1132) ~[netty-buffer-4.1.90.Final.jar:4.1.90.Final]
	at io.netty.channel.socket.nio.NioSocketChannel.doReadBytes(NioSocketChannel.java:357) ~[netty-transport-4.1.90.Final.jar:4.1.90.Final]
	at io.netty.channel.nio.AbstractNioByteChannel$NioByteUnsafe.read(AbstractNioByteChannel.java:151) ~[netty-transport-4.1.90.Final.jar:4.1.90.Final]
	at io.netty.channel.nio.NioEventLoop.processSelectedKey(NioEventLoop.java:788) [netty-transport-4.1.90.Final.jar:4.1.90.Final]
	at io.netty.channel.nio.NioEventLoop.processSelectedKeysOptimized(NioEventLoop.java:724) [netty-transport-4.1.90.Final.jar:4.1.90.Final]
	at io.netty.channel.nio.NioEventLoop.processSelectedKeys(NioEventLoop.java:650) [netty-transport-4.1.90.Final.jar:4.1.90.Final]
	at io.netty.channel.nio.NioEventLoop.run(NioEventLoop.java:562) [netty-transport-4.1.90.Final.jar:4.1.90.Final]
	at io.netty.util.concurrent.SingleThreadEventExecutor$4.run(SingleThreadEventExecutor.java:997) [netty-common-4.1.90.Final.jar:4.1.90.Final]
	at io.netty.util.internal.ThreadExecutorMap$2.run(ThreadExecutorMap.java:74) [netty-common-4.1.90.Final.jar:4.1.90.Final]
	at io.netty.util.concurrent.FastThreadLocalRunnable.run(FastThreadLocalRunnable.java:30) [netty-common-4.1.90.Final.jar:4.1.90.Final]
	at java.lang.Thread.run(Thread.java:750) [na:1.8.0_351]
[DEBUG] Closing Channel [id: 0xf23c6cce, L:/127.0.0.1:56229 - R:localhost/127.0.0.1:56223] 
[DEBUG] Channel Closed: [id: 0xf23c6cce, L:/127.0.0.1:56229 ! R:localhost/127.0.0.1:56223] with attribute DISCARD
[DEBUG] 

Request DefaultFullHttpRequest(decodeResult: success, version: HTTP/1.1, content: EmptyByteBufBE)
DELETE /session/b91b1a4ed665033e2beec1ecee348c1f HTTP/1.1
User-Agent: selenium/4.8.3 (java windows)
Content-Type: application/json; charset=utf-8
host: localhost:41675
accept: */*

Response DefaultHttpResponse(decodeResult: success, version: HTTP/1.1)
HTTP/1.1 200 OK
Content-Length: 14
Content-Type: application/json; charset=utf-8
cache-control: no-cache

[DEBUG] Adding key: http://localhost:41675 for channel [id: 0xa2de44a7, L:/127.0.0.1:56221 - R:localhost/127.0.0.1:41675]
[DEBUG] Channel Closed: [id: 0xa2de44a7, L:/127.0.0.1:56221 ! R:localhost/127.0.0.1:41675] with attribute DISCARD
[DEBUG] Entry count for : http://localhost:56223 : 1
[DEBUG] Entry count for : http://localhost:41675 : 1
[DEBUG] Adding Candidate expired Channel [id: 0xf23c6cce, L:/127.0.0.1:56229 ! R:localhost/127.0.0.1:56223] isIdleTimeoutExpired=false isRemotelyClosed=true isTtlExpired=false
[DEBUG] Closing Idle Channel [id: 0xf23c6cce, L:/127.0.0.1:56229 ! R:localhost/127.0.0.1:56223]
[DEBUG] Adding Candidate expired Channel [id: 0xa2de44a7, L:/127.0.0.1:56221 ! R:localhost/127.0.0.1:41675] isIdleTimeoutExpired=false isRemotelyClosed=true isTtlExpired=false
[DEBUG] Closing Idle Channel [id: 0xa2de44a7, L:/127.0.0.1:56221 ! R:localhost/127.0.0.1:41675]
[DEBUG] Closed 2 connections out of 2 in 0 ms
[DEBUG] Using new Channel '[id: 0x4fab9eb8, L:/127.0.0.1:56342 - R:localhost/127.0.0.1:19333]' for 'POST' to '/session'
[DEBUG] 

Request DefaultHttpRequest(decodeResult: success, version: HTTP/1.1)
POST /session HTTP/1.1
[...]
[DEBUG] Using open Channel [id: 0x1b969100, L:/127.0.0.1:56484 - R:localhost/127.0.0.1:3057] for GET '/session/43085ef7ee06e8a27cae93021e32a4b6/element/ce0f67ca-539f-4798-8a3e-cee4328de13d/enabled'
[DEBUG] 

Request DefaultFullHttpRequest(decodeResult: success, version: HTTP/1.1, content: EmptyByteBufBE)
GET /session/43085ef7ee06e8a27cae93021e32a4b6/element/ce0f67ca-539f-4798-8a3e-cee4328de13d/enabled HTTP/1.1
User-Agent: selenium/4.8.3 (java windows)
Cache-Control: no-cache
Content-Type: application/json; charset=utf-8
host: localhost:3057
accept: */*

Response DefaultHttpResponse(decodeResult: success, version: HTTP/1.1)
HTTP/1.1 200 OK
Content-Length: 14
Content-Type: application/json; charset=utf-8
cache-control: no-cache

[DEBUG] Adding key: http://localhost:3057 for channel [id: 0x1b969100, L:/127.0.0.1:56484 - R:localhost/127.0.0.1:3057]
[DEBUG] Using pooled Channel '[id: 0x1b969100, L:/127.0.0.1:56484 - R:localhost/127.0.0.1:3057]' for 'GET' to 'http://localhost:3057/session/43085ef7ee06e8a27cae93021e32a4b6/element/ce0f67ca-539f-4798-8a3e-cee4328de13d/selected'
[DEBUG] Using open Channel [id: 0x1b969100, L:/127.0.0.1:56484 - R:localhost/127.0.0.1:3057] for GET '/session/43085ef7ee06e8a27cae93021e32a4b6/element/ce0f67ca-539f-4798-8a3e-cee4328de13d/selected'
[DEBUG] 

Request DefaultFullHttpRequest(decodeResult: success, version: HTTP/1.1, content: EmptyByteBufBE)
GET /session/43085ef7ee06e8a27cae93021e32a4b6/element/ce0f67ca-539f-4798-8a3e-cee4328de13d/selected HTTP/1.1
User-Agent: selenium/4.8.3 (java windows)
Cache-Control: no-cache
Content-Type: application/json; charset=utf-8
host: localhost:3057
accept: */*

Response DefaultHttpResponse(decodeResult: success, version: HTTP/1.1)
HTTP/1.1 200 OK
Content-Length: 15
Content-Type: application/json; charset=utf-8
cache-control: no-cache

[DEBUG] Adding key: http://localhost:3057 for channel [id: 0x1b969100, L:/127.0.0.1:56484 - R:localhost/127.0.0.1:3057]
[DEBUG] Using pooled Channel '[id: 0x1b969100, L:/127.0.0.1:56484 - R:localhost/127.0.0.1:3057]' for 'POST' to 'http://localhost:3057/session/43085ef7ee06e8a27cae93021e32a4b6/element/ce0f67ca-539f-4798-8a3e-cee4328de13d/click'
[DEBUG] Using open Channel [id: 0x1b969100, L:/127.0.0.1:56484 - R:localhost/127.0.0.1:3057] for POST '/session/43085ef7ee06e8a27cae93021e32a4b6/element/ce0f67ca-539f-4798-8a3e-cee4328de13d/click'
[DEBUG] 

Request DefaultHttpRequest(decodeResult: success, version: HTTP/1.1)
POST /session/43085ef7ee06e8a27cae93021e32a4b6/element/ce0f67ca-539f-4798-8a3e-cee4328de13d/click HTTP/1.1
User-Agent: selenium/4.8.3 (java windows)
Content-Length: 50
Content-Type: application/json; charset=utf-8
host: localhost:3057
accept: */*

Response DefaultHttpResponse(decodeResult: success, version: HTTP/1.1)
HTTP/1.1 200 OK
Content-Length: 14
Content-Type: application/json; charset=utf-8
cache-control: no-cache

[DEBUG] Adding key: http://localhost:3057 for channel [id: 0x1b969100, L:/127.0.0.1:56484 - R:localhost/127.0.0.1:3057]
[DEBUG] Using pooled Channel '[id: 0x1b969100, L:/127.0.0.1:56484 - R:localhost/127.0.0.1:3057]' for 'POST' to 'http://localhost:3057/session/43085ef7ee06e8a27cae93021e32a4b6/element'
[DEBUG] Using open Channel [id: 0x1b969100, L:/127.0.0.1:56484 - R:localhost/127.0.0.1:3057] for POST '/session/43085ef7ee06e8a27cae93021e32a4b6/element'
[DEBUG] 

Request DefaultHttpRequest(decodeResult: success, version: HTTP/1.1)
POST /session/43085ef7ee06e8a27cae93021e32a4b6/element HTTP/1.1
User-Agent: selenium/4.8.3 (java windows)
Content-Length: 98
Content-Type: application/json; charset=utf-8
host: localhost:3057
accept: */*

Response DefaultHttpResponse(decodeResult: success, version: HTTP/1.1)
HTTP/1.1 200 OK
Content-Length: 88
Content-Type: application/json; charset=utf-8
cache-control: no-cache

[DEBUG] Adding key: http://localhost:3057 for channel [id: 0x1b969100, L:/127.0.0.1:56484 - R:localhost/127.0.0.1:3057]
[DEBUG] Using pooled Channel '[id: 0x1b969100, L:/127.0.0.1:56484 - R:localhost/127.0.0.1:3057]' for 'POST' to 'http://localhost:3057/session/43085ef7ee06e8a27cae93021e32a4b6/element/6badc080-1e4e-4849-a49e-abe1cb71b0ad/click'
[DEBUG] Using open Channel [id: 0x1b969100, L:/127.0.0.1:56484 - R:localhost/127.0.0.1:3057] for POST '/session/43085ef7ee06e8a27cae93021e32a4b6/element/6badc080-1e4e-4849-a49e-abe1cb71b0ad/click'
[DEBUG] 

Request DefaultHttpRequest(decodeResult: success, version: HTTP/1.1)
POST /session/43085ef7ee06e8a27cae93021e32a4b6/element/6badc080-1e4e-4849-a49e-abe1cb71b0ad/click HTTP/1.1
User-Agent: selenium/4.8.3 (java windows)
Content-Length: 50
Content-Type: application/json; charset=utf-8
host: localhost:3057
accept: */*

Response DefaultHttpResponse(decodeResult: success, version: HTTP/1.1)
HTTP/1.1 200 OK
Content-Length: 14
Content-Type: application/json; charset=utf-8
cache-control: no-cache

[DEBUG] Adding key: http://localhost:3057 for channel [id: 0x1b969100, L:/127.0.0.1:56484 - R:localhost/127.0.0.1:3057]
[DEBUG] Using pooled Channel '[id: 0x1b969100, L:/127.0.0.1:56484 - R:localhost/127.0.0.1:3057]' for 'POST' to 'http://localhost:3057/session/43085ef7ee06e8a27cae93021e32a4b6/element'
[DEBUG] Using open Channel [id: 0x1b969100, L:/127.0.0.1:56484 - R:localhost/127.0.0.1:3057] for POST '/session/43085ef7ee06e8a27cae93021e32a4b6/element'
[DEBUG] 

Request DefaultHttpRequest(decodeResult: success, version: HTTP/1.1)
POST /session/43085ef7ee06e8a27cae93021e32a4b6/element HTTP/1.1
User-Agent: selenium/4.8.3 (java windows)
Content-Length: 52
Content-Type: application/json; charset=utf-8
host: localhost:3057
accept: */*

Response DefaultHttpResponse(decodeResult: success, version: HTTP/1.1)
HTTP/1.1 200 OK
Content-Length: 88
Content-Type: application/json; charset=utf-8
cache-control: no-cache

[DEBUG] Adding key: http://localhost:3057 for channel [id: 0x1b969100, L:/127.0.0.1:56484 - R:localhost/127.0.0.1:3057]
[DEBUG] Using pooled Channel '[id: 0x1b969100, L:/127.0.0.1:56484 - R:localhost/127.0.0.1:3057]' for 'GET' to 'http://localhost:3057/session/43085ef7ee06e8a27cae93021e32a4b6/element/24da7f70-0d9d-4186-8769-b176fb8db3f7/name'
[DEBUG] Using open Channel [id: 0x1b969100, L:/127.0.0.1:56484 - R:localhost/127.0.0.1:3057] for GET '/session/43085ef7ee06e8a27cae93021e32a4b6/element/24da7f70-0d9d-4186-8769-b176fb8db3f7/name'
[DEBUG] 

Request DefaultFullHttpRequest(decodeResult: success, version: HTTP/1.1, content: EmptyByteBufBE)
GET /session/43085ef7ee06e8a27cae93021e32a4b6/element/24da7f70-0d9d-4186-8769-b176fb8db3f7/name HTTP/1.1
User-Agent: selenium/4.8.3 (java windows)
Cache-Control: no-cache
Content-Type: application/json; charset=utf-8
host: localhost:3057
accept: */*

Response DefaultHttpResponse(decodeResult: success, version: HTTP/1.1)
HTTP/1.1 200 OK
Content-Length: 18
Content-Type: application/json; charset=utf-8
cache-control: no-cache

[DEBUG] Adding key: http://localhost:3057 for channel [id: 0x1b969100, L:/127.0.0.1:56484 - R:localhost/127.0.0.1:3057]
[DEBUG] Using pooled Channel '[id: 0x1b969100, L:/127.0.0.1:56484 - R:localhost/127.0.0.1:3057]' for 'GET' to 'http://localhost:3057/session/43085ef7ee06e8a27cae93021e32a4b6/element/24da7f70-0d9d-4186-8769-b176fb8db3f7/attribute/multiple'
[DEBUG] Using open Channel [id: 0x1b969100, L:/127.0.0.1:56484 - R:localhost/127.0.0.1:3057] for GET '/session/43085ef7ee06e8a27cae93021e32a4b6/element/24da7f70-0d9d-4186-8769-b176fb8db3f7/attribute/multiple'
[DEBUG] 

Request DefaultFullHttpRequest(decodeResult: success, version: HTTP/1.1, content: EmptyByteBufBE)
GET /session/43085ef7ee06e8a27cae93021e32a4b6/element/24da7f70-0d9d-4186-8769-b176fb8db3f7/attribute/multiple HTTP/1.1
User-Agent: selenium/4.8.3 (java windows)
Cache-Control: no-cache
Content-Type: application/json; charset=utf-8
host: localhost:3057
accept: */*

Response DefaultHttpResponse(decodeResult: success, version: HTTP/1.1)
HTTP/1.1 200 OK
Content-Length: 14
Content-Type: application/json; charset=utf-8
cache-control: no-cache

[DEBUG] Adding key: http://localhost:3057 for channel [id: 0x1b969100, L:/127.0.0.1:56484 - R:localhost/127.0.0.1:3057]
[DEBUG] Using pooled Channel '[id: 0x1b969100, L:/127.0.0.1:56484 - R:localhost/127.0.0.1:3057]' for 'GET' to 'http://localhost:3057/session/43085ef7ee06e8a27cae93021e32a4b6/element/24da7f70-0d9d-4186-8769-b176fb8db3f7/enabled'
[DEBUG] Using open Channel [id: 0x1b969100, L:/127.0.0.1:56484 - R:localhost/127.0.0.1:3057] for GET '/session/43085ef7ee06e8a27cae93021e32a4b6/element/24da7f70-0d9d-4186-8769-b176fb8db3f7/enabled'
[DEBUG] 

Request DefaultFullHttpRequest(decodeResult: success, version: HTTP/1.1, content: EmptyByteBufBE)
GET /session/43085ef7ee06e8a27cae93021e32a4b6/element/24da7f70-0d9d-4186-8769-b176fb8db3f7/enabled HTTP/1.1
User-Agent: selenium/4.8.3 (java windows)
Cache-Control: no-cache
Content-Type: application/json; charset=utf-8
host: localhost:3057
accept: */*

Response DefaultHttpResponse(decodeResult: success, version: HTTP/1.1)
HTTP/1.1 200 OK
Content-Length: 14
Content-Type: application/json; charset=utf-8
cache-control: no-cache

[DEBUG] Adding key: http://localhost:3057 for channel [id: 0x1b969100, L:/127.0.0.1:56484 - R:localhost/127.0.0.1:3057]
[DEBUG] Using pooled Channel '[id: 0x1b969100, L:/127.0.0.1:56484 - R:localhost/127.0.0.1:3057]' for 'POST' to 'http://localhost:3057/session/43085ef7ee06e8a27cae93021e32a4b6/element/24da7f70-0d9d-4186-8769-b176fb8db3f7/elements'
[DEBUG] Using open Channel [id: 0x1b969100, L:/127.0.0.1:56484 - R:localhost/127.0.0.1:3057] for POST '/session/43085ef7ee06e8a27cae93021e32a4b6/element/24da7f70-0d9d-4186-8769-b176fb8db3f7/elements'
[DEBUG] 

Request DefaultHttpRequest(decodeResult: success, version: HTTP/1.1)
POST /session/43085ef7ee06e8a27cae93021e32a4b6/element/24da7f70-0d9d-4186-8769-b176fb8db3f7/elements HTTP/1.1
User-Agent: selenium/4.8.3 (java windows)
Content-Length: 144
Content-Type: application/json; charset=utf-8
host: localhost:3057
accept: */*

Response DefaultHttpResponse(decodeResult: success, version: HTTP/1.1)
HTTP/1.1 200 OK
Content-Length: 90
Content-Type: application/json; charset=utf-8
cache-control: no-cache

[DEBUG] Adding key: http://localhost:3057 for channel [id: 0x1b969100, L:/127.0.0.1:56484 - R:localhost/127.0.0.1:3057]
[DEBUG] Using pooled Channel '[id: 0x1b969100, L:/127.0.0.1:56484 - R:localhost/127.0.0.1:3057]' for 'GET' to 'http://localhost:3057/session/43085ef7ee06e8a27cae93021e32a4b6/element/0f63097b-7eaa-4df4-998c-4840d6770c55/enabled'
[DEBUG] Using open Channel [id: 0x1b969100, L:/127.0.0.1:56484 - R:localhost/127.0.0.1:3057] for GET '/session/43085ef7ee06e8a27cae93021e32a4b6/element/0f63097b-7eaa-4df4-998c-4840d6770c55/enabled'
[DEBUG] 

Request DefaultFullHttpRequest(decodeResult: success, version: HTTP/1.1, content: EmptyByteBufBE)
GET /session/43085ef7ee06e8a27cae93021e32a4b6/element/0f63097b-7eaa-4df4-998c-4840d6770c55/enabled HTTP/1.1
User-Agent: selenium/4.8.3 (java windows)
Cache-Control: no-cache
Content-Type: application/json; charset=utf-8
host: localhost:3057
accept: */*

Response DefaultHttpResponse(decodeResult: success, version: HTTP/1.1)
HTTP/1.1 200 OK
Content-Length: 14
Content-Type: application/json; charset=utf-8
cache-control: no-cache

[DEBUG] Adding key: http://localhost:3057 for channel [id: 0x1b969100, L:/127.0.0.1:56484 - R:localhost/127.0.0.1:3057]
[DEBUG] Using pooled Channel '[id: 0x1b969100, L:/127.0.0.1:56484 - R:localhost/127.0.0.1:3057]' for 'GET' to 'http://localhost:3057/session/43085ef7ee06e8a27cae93021e32a4b6/element/0f63097b-7eaa-4df4-998c-4840d6770c55/selected'
[DEBUG] Using open Channel [id: 0x1b969100, L:/127.0.0.1:56484 - R:localhost/127.0.0.1:3057] for GET '/session/43085ef7ee06e8a27cae93021e32a4b6/element/0f63097b-7eaa-4df4-998c-4840d6770c55/selected'
[DEBUG] 

Request DefaultFullHttpRequest(decodeResult: success, version: HTTP/1.1, content: EmptyByteBufBE)
GET /session/43085ef7ee06e8a27cae93021e32a4b6/element/0f63097b-7eaa-4df4-998c-4840d6770c55/selected HTTP/1.1
User-Agent: selenium/4.8.3 (java windows)
Cache-Control: no-cache
Content-Type: application/json; charset=utf-8
host: localhost:3057
accept: */*

Response DefaultHttpResponse(decodeResult: success, version: HTTP/1.1)
HTTP/1.1 200 OK
Content-Length: 15
Content-Type: application/json; charset=utf-8
cache-control: no-cache

[DEBUG] Adding key: http://localhost:3057 for channel [id: 0x1b969100, L:/127.0.0.1:56484 - R:localhost/127.0.0.1:3057]
[DEBUG] Using pooled Channel '[id: 0x1b969100, L:/127.0.0.1:56484 - R:localhost/127.0.0.1:3057]' for 'POST' to 'http://localhost:3057/session/43085ef7ee06e8a27cae93021e32a4b6/element/0f63097b-7eaa-4df4-998c-4840d6770c55/click'
[DEBUG] Using open Channel [id: 0x1b969100, L:/127.0.0.1:56484 - R:localhost/127.0.0.1:3057] for POST '/session/43085ef7ee06e8a27cae93021e32a4b6/element/0f63097b-7eaa-4df4-998c-4840d6770c55/click'
[DEBUG] 

Request DefaultHttpRequest(decodeResult: success, version: HTTP/1.1)
POST /session/43085ef7ee06e8a27cae93021e32a4b6/element/0f63097b-7eaa-4df4-998c-4840d6770c55/click HTTP/1.1
User-Agent: selenium/4.8.3 (java windows)
Content-Length: 50
Content-Type: application/json; charset=utf-8
host: localhost:3057
accept: */*

Response DefaultHttpResponse(decodeResult: success, version: HTTP/1.1)
HTTP/1.1 200 OK
Content-Length: 14
Content-Type: application/json; charset=utf-8
cache-control: no-cache

[DEBUG] Adding key: http://localhost:3057 for channel [id: 0x1b969100, L:/127.0.0.1:56484 - R:localhost/127.0.0.1:3057]
[DEBUG] Using pooled Channel '[id: 0x1b969100, L:/127.0.0.1:56484 - R:localhost/127.0.0.1:3057]' for 'POST' to 'http://localhost:3057/session/43085ef7ee06e8a27cae93021e32a4b6/element'
[DEBUG] Using open Channel [id: 0x1b969100, L:/127.0.0.1:56484 - R:localhost/127.0.0.1:3057] for POST '/session/43085ef7ee06e8a27cae93021e32a4b6/element'
[DEBUG] 

Request DefaultHttpRequest(decodeResult: success, version: HTTP/1.1)
POST /session/43085ef7ee06e8a27cae93021e32a4b6/element HTTP/1.1
User-Agent: selenium/4.8.3 (java windows)
Content-Length: 52
Content-Type: application/json; charset=utf-8
host: localhost:3057
accept: */*

Response DefaultHttpResponse(decodeResult: success, version: HTTP/1.1)
HTTP/1.1 200 OK
Content-Length: 88
Content-Type: application/json; charset=utf-8
cache-control: no-cache

[DEBUG] Adding key: http://localhost:3057 for channel [id: 0x1b969100, L:/127.0.0.1:56484 - R:localhost/127.0.0.1:3057]
[DEBUG] Using pooled Channel '[id: 0x1b969100, L:/127.0.0.1:56484 - R:localhost/127.0.0.1:3057]' for 'POST' to 'http://localhost:3057/session/43085ef7ee06e8a27cae93021e32a4b6/element/e6287a14-6863-4e46-9e10-f873a986df11/value'
[DEBUG] Using open Channel [id: 0x1b969100, L:/127.0.0.1:56484 - R:localhost/127.0.0.1:3057] for POST '/session/43085ef7ee06e8a27cae93021e32a4b6/element/e6287a14-6863-4e46-9e10-f873a986df11/value'
[DEBUG] 

Request DefaultHttpRequest(decodeResult: success, version: HTTP/1.1)
POST /session/43085ef7ee06e8a27cae93021e32a4b6/element/e6287a14-6863-4e46-9e10-f873a986df11/value HTTP/1.1
User-Agent: selenium/4.8.3 (java windows)
Content-Length: 121
Content-Type: application/json; charset=utf-8
host: localhost:3057
accept: */*

Response DefaultHttpResponse(decodeResult: success, version: HTTP/1.1)
HTTP/1.1 200 OK
Content-Length: 14
Content-Type: application/json; charset=utf-8
cache-control: no-cache

[DEBUG] Adding key: http://localhost:3057 for channel [id: 0x1b969100, L:/127.0.0.1:56484 - R:localhost/127.0.0.1:3057]
[DEBUG] Using pooled Channel '[id: 0x1b969100, L:/127.0.0.1:56484 - R:localhost/127.0.0.1:3057]' for 'POST' to 'http://localhost:3057/session/43085ef7ee06e8a27cae93021e32a4b6/element'
[DEBUG] Using open Channel [id: 0x1b969100, L:/127.0.0.1:56484 - R:localhost/127.0.0.1:3057] for POST '/session/43085ef7ee06e8a27cae93021e32a4b6/element'
[DEBUG] 

Request DefaultHttpRequest(decodeResult: success, version: HTTP/1.1)
POST /session/43085ef7ee06e8a27cae93021e32a4b6/element HTTP/1.1
User-Agent: selenium/4.8.3 (java windows)
Content-Length: 53
Content-Type: application/json; charset=utf-8
host: localhost:3057
accept: */*

Response DefaultHttpResponse(decodeResult: success, version: HTTP/1.1)
HTTP/1.1 200 OK
Content-Length: 88
Content-Type: application/json; charset=utf-8
cache-control: no-cache

[DEBUG] Adding key: http://localhost:3057 for channel [id: 0x1b969100, L:/127.0.0.1:56484 - R:localhost/127.0.0.1:3057]
[DEBUG] Using pooled Channel '[id: 0x1b969100, L:/127.0.0.1:56484 - R:localhost/127.0.0.1:3057]' for 'POST' to 'http://localhost:3057/session/43085ef7ee06e8a27cae93021e32a4b6/element/c3c638e3-d5cf-49f4-826b-4ab8ab234da7/click'
[DEBUG] Using open Channel [id: 0x1b969100, L:/127.0.0.1:56484 - R:localhost/127.0.0.1:3057] for POST '/session/43085ef7ee06e8a27cae93021e32a4b6/element/c3c638e3-d5cf-49f4-826b-4ab8ab234da7/click'
[DEBUG] Entry count for : http://localhost:56485 : 1
[DEBUG] Entry count for : http://localhost:56485 : 1
[DEBUG] 

Request DefaultHttpRequest(decodeResult: success, version: HTTP/1.1)
POST /session/43085ef7ee06e8a27cae93021e32a4b6/element/c3c638e3-d5cf-49f4-826b-4ab8ab234da7/click HTTP/1.1
User-Agent: selenium/4.8.3 (java windows)
Content-Length: 50
Content-Type: application/json; charset=utf-8
host: localhost:3057
accept: */*

Response DefaultHttpResponse(decodeResult: success, version: HTTP/1.1)
HTTP/1.1 200 OK
Content-Length: 14
Content-Type: application/json; charset=utf-8
cache-control: no-cache

[DEBUG] Adding key: http://localhost:3057 for channel [id: 0x1b969100, L:/127.0.0.1:56484 - R:localhost/127.0.0.1:3057]
[DEBUG] Using pooled Channel '[id: 0x1b969100, L:/127.0.0.1:56484 - R:localhost/127.0.0.1:3057]' for 'POST' to 'http://localhost:3057/session/43085ef7ee06e8a27cae93021e32a4b6/element'
[DEBUG] Using open Channel [id: 0x1b969100, L:/127.0.0.1:56484 - R:localhost/127.0.0.1:3057] for POST '/session/43085ef7ee06e8a27cae93021e32a4b6/element'
[DEBUG] 

Request DefaultHttpRequest(decodeResult: success, version: HTTP/1.1)
POST /session/43085ef7ee06e8a27cae93021e32a4b6/element HTTP/1.1
User-Agent: selenium/4.8.3 (java windows)
Content-Length: 52
Content-Type: application/json; charset=utf-8
host: localhost:3057
accept: */*

Response DefaultHttpResponse(decodeResult: success, version: HTTP/1.1)
HTTP/1.1 200 OK
Content-Length: 88
Content-Type: application/json; charset=utf-8
cache-control: no-cache

[DEBUG] Adding key: http://localhost:3057 for channel [id: 0x1b969100, L:/127.0.0.1:56484 - R:localhost/127.0.0.1:3057]
[DEBUG] Using pooled Channel '[id: 0x1b969100, L:/127.0.0.1:56484 - R:localhost/127.0.0.1:3057]' for 'GET' to 'http://localhost:3057/session/43085ef7ee06e8a27cae93021e32a4b6/element/212aa74f-5fe5-40e5-be92-36e56de46419/text'
[DEBUG] Using open Channel [id: 0x1b969100, L:/127.0.0.1:56484 - R:localhost/127.0.0.1:3057] for GET '/session/43085ef7ee06e8a27cae93021e32a4b6/element/212aa74f-5fe5-40e5-be92-36e56de46419/text'
[DEBUG] 

Request DefaultFullHttpRequest(decodeResult: success, version: HTTP/1.1, content: EmptyByteBufBE)
GET /session/43085ef7ee06e8a27cae93021e32a4b6/element/212aa74f-5fe5-40e5-be92-36e56de46419/text HTTP/1.1
User-Agent: selenium/4.8.3 (java windows)
Cache-Control: no-cache
Content-Type: application/json; charset=utf-8
host: localhost:3057
accept: */*

Response DefaultHttpResponse(decodeResult: success, version: HTTP/1.1)
HTTP/1.1 200 OK
Content-Length: 65
Content-Type: application/json; charset=utf-8
cache-control: no-cache

[DEBUG] Adding key: http://localhost:3057 for channel [id: 0x1b969100, L:/127.0.0.1:56484 - R:localhost/127.0.0.1:3057]
]]></system-out>
    <system-err><![CDATA[Starting ChromeDriver 111.0.5563.64 (c710e93d5b63b7095afe8c2c17df34408078439d-refs/branch-heads/5563@{#995}) on port 3057
Only local connections are allowed.
Please see https://chromedriver.chromium.org/security-considerations for suggestions on keeping ChromeDriver safe.
ChromeDriver was started successfully.
]]></system-err>
  </testcase>
</testsuite>