<?xml version="1.0" encoding="UTF-8"?>
<testng-results ignored="5" total="9" passed="3" failed="1" skipped="0">
  <reporter-output>
  </reporter-output>
  <suite started-at="2023-04-05T02:08:29Z" name="Default suite" finished-at="2023-04-05T02:09:21Z" duration-ms="51710">
    <groups>
    </groups>
    <test started-at="2023-04-05T02:08:29Z" name="Default test" finished-at="2023-04-05T02:09:21Z" duration-ms="51710">
      <class name="com.rediff.qa.testcases.LoginTest">
        <test-method is-config="true" signature="setUp()[pri:0, instance:com.rediff.qa.testcases.LoginTest@3fc9504b]" started-at="2023-04-05T02:08:31Z" name="setUp" finished-at="2023-04-05T02:08:37Z" duration-ms="5252" status="PASS">
          <reporter-output>
          </reporter-output>
        </test-method> <!-- setUp -->
        <test-method signature="verifyRediffLoginWithValidUsernameAndValidPassword(java.lang.String, java.lang.String)[pri:1, instance:com.rediff.qa.testcases.LoginTest@3fc9504b]" started-at="2023-04-05T02:08:37Z" name="verifyRediffLoginWithValidUsernameAndValidPassword" data-provider="RediffExcelDataWithDataProvider" finished-at="2023-04-05T02:08:43Z" duration-ms="6125" status="PASS">
          <params>
            <param index="0">
              <value>
                <![CDATA[seleniumpanda@rediffmail.com]]>
              </value>
            </param>
            <param index="1">
              <value>
                <![CDATA[Selenium@123]]>
              </value>
            </param>
          </params>
          <reporter-output>
          </reporter-output>
        </test-method> <!-- verifyRediffLoginWithValidUsernameAndValidPassword -->
        <test-method is-config="true" signature="tearDown()[pri:0, instance:com.rediff.qa.testcases.LoginTest@3fc9504b]" started-at="2023-04-05T02:08:43Z" name="tearDown" finished-at="2023-04-05T02:08:43Z" duration-ms="166" status="PASS">
          <reporter-output>
          </reporter-output>
        </test-method> <!-- tearDown -->
        <test-method is-config="true" signature="setUp()[pri:0, instance:com.rediff.qa.testcases.LoginTest@3fc9504b]" started-at="2023-04-05T02:08:43Z" name="setUp" finished-at="2023-04-05T02:08:47Z" duration-ms="4594" status="PASS">
          <reporter-output>
          </reporter-output>
        </test-method> <!-- setUp -->
        <test-method signature="verifyRediffLoginWithValidUsernameAndValidPassword(java.lang.String, java.lang.String)[pri:1, instance:com.rediff.qa.testcases.LoginTest@3fc9504b]" started-at="2023-04-05T02:08:47Z" name="verifyRediffLoginWithValidUsernameAndValidPassword" data-provider="RediffExcelDataWithDataProvider" finished-at="2023-04-05T02:08:53Z" duration-ms="5925" status="PASS">
          <params>
            <param index="0">
              <value>
                <![CDATA[seleniumpanda1@rediffmail.com]]>
              </value>
            </param>
            <param index="1">
              <value>
                <![CDATA[Donkey@123]]>
              </value>
            </param>
          </params>
          <reporter-output>
          </reporter-output>
        </test-method> <!-- verifyRediffLoginWithValidUsernameAndValidPassword -->
        <test-method is-config="true" signature="tearDown()[pri:0, instance:com.rediff.qa.testcases.LoginTest@3fc9504b]" started-at="2023-04-05T02:08:53Z" name="tearDown" finished-at="2023-04-05T02:08:54Z" duration-ms="190" status="PASS">
          <reporter-output>
          </reporter-output>
        </test-method> <!-- tearDown -->
        <test-method is-config="true" signature="setUp()[pri:0, instance:com.rediff.qa.testcases.LoginTest@3fc9504b]" started-at="2023-04-05T02:08:54Z" name="setUp" finished-at="2023-04-05T02:08:58Z" duration-ms="4203" status="PASS">
          <reporter-output>
          </reporter-output>
        </test-method> <!-- setUp -->
        <test-method signature="verifyRediffLoginWithValidUsernameAndValidPassword(java.lang.String, java.lang.String)[pri:1, instance:com.rediff.qa.testcases.LoginTest@3fc9504b]" started-at="2023-04-05T02:08:58Z" name="verifyRediffLoginWithValidUsernameAndValidPassword" data-provider="RediffExcelDataWithDataProvider" finished-at="2023-04-05T02:09:09Z" duration-ms="11519" status="FAIL">
          <params>
            <param index="0">
              <value>
                <![CDATA[seleniumpanda2@rediffmail.com]]>
              </value>
            </param>
            <param index="1">
              <value>
                <![CDATA[Donkey@123]]>
              </value>
            </param>
          </params>
          <exception class="org.openqa.selenium.NoSuchElementException">
            <message>
              <![CDATA[no such element: Unable to locate element: {"method":"css selector","selector":".rd_logout"}
  (Session info: chrome=111.0.5563.147)
For documentation on this error, please visit: https://selenium.dev/exceptions/#no_such_element
Build info: version: '4.8.3', revision: 'e5e76298c3'
System info: os.name: 'Windows 10', os.arch: 'amd64', os.version: '10.0', java.version: '17.0.1'
Driver info: org.openqa.selenium.chrome.ChromeDriver
Command: [c8a97fd2115f2f99631a1b967623712f, findElement {using=class name, value=rd_logout}]
Capabilities {acceptInsecureCerts: false, browserName: chrome, browserVersion: 111.0.5563.147, chrome: {chromedriverVersion: 111.0.5563.64 (c710e93d5b63..., userDataDir: C:\Users\autom\AppData\Loca...}, goog:chromeOptions: {debuggerAddress: localhost:54851}, networkConnectionEnabled: false, pageLoadStrategy: normal, platformName: WINDOWS, proxy: Proxy(), se:cdp: ws://localhost:54851/devtoo..., se:cdpVersion: 111.0.5563.147, setWindowRect: true, strictFileInteractability: false, timeouts: {implicit: 0, pageLoad: 300000, script: 30000}, unhandledPromptBehavior: dismiss and notify, webauthn:extension:credBlob: true, webauthn:extension:largeBlob: true, webauthn:extension:minPinLength: true, webauthn:extension:prf: true, webauthn:virtualAuthenticators: true}
Session ID: c8a97fd2115f2f99631a1b967623712f]]>
            </message>
            <full-stacktrace>
              <![CDATA[org.openqa.selenium.NoSuchElementException: no such element: Unable to locate element: {"method":"css selector","selector":".rd_logout"}
  (Session info: chrome=111.0.5563.147)
For documentation on this error, please visit: https://selenium.dev/exceptions/#no_such_element
Build info: version: '4.8.3', revision: 'e5e76298c3'
System info: os.name: 'Windows 10', os.arch: 'amd64', os.version: '10.0', java.version: '17.0.1'
Driver info: org.openqa.selenium.chrome.ChromeDriver
Command: [c8a97fd2115f2f99631a1b967623712f, findElement {using=class name, value=rd_logout}]
Capabilities {acceptInsecureCerts: false, browserName: chrome, browserVersion: 111.0.5563.147, chrome: {chromedriverVersion: 111.0.5563.64 (c710e93d5b63..., userDataDir: C:\Users\autom\AppData\Loca...}, goog:chromeOptions: {debuggerAddress: localhost:54851}, networkConnectionEnabled: false, pageLoadStrategy: normal, platformName: WINDOWS, proxy: Proxy(), se:cdp: ws://localhost:54851/devtoo..., se:cdpVersion: 111.0.5563.147, setWindowRect: true, strictFileInteractability: false, timeouts: {implicit: 0, pageLoad: 300000, script: 30000}, unhandledPromptBehavior: dismiss and notify, webauthn:extension:credBlob: true, webauthn:extension:largeBlob: true, webauthn:extension:minPinLength: true, webauthn:extension:prf: true, webauthn:virtualAuthenticators: true}
Session ID: c8a97fd2115f2f99631a1b967623712f
at java.base/jdk.internal.reflect.NativeConstructorAccessorImpl.newInstance0(Native Method)
at java.base/jdk.internal.reflect.NativeConstructorAccessorImpl.newInstance(NativeConstructorAccessorImpl.java:77)
at java.base/jdk.internal.reflect.DelegatingConstructorAccessorImpl.newInstance(DelegatingConstructorAccessorImpl.java:45)
at java.base/java.lang.reflect.Constructor.newInstanceWithCaller(Constructor.java:499)
at java.base/java.lang.reflect.Constructor.newInstance(Constructor.java:480)
at org.openqa.selenium.remote.codec.w3c.W3CHttpResponseCodec.createException(W3CHttpResponseCodec.java:200)
at org.openqa.selenium.remote.codec.w3c.W3CHttpResponseCodec.decode(W3CHttpResponseCodec.java:133)
at org.openqa.selenium.remote.codec.w3c.W3CHttpResponseCodec.decode(W3CHttpResponseCodec.java:53)
at org.openqa.selenium.remote.HttpCommandExecutor.execute(HttpCommandExecutor.java:193)
at org.openqa.selenium.remote.service.DriverCommandExecutor.invokeExecute(DriverCommandExecutor.java:183)
at org.openqa.selenium.remote.service.DriverCommandExecutor.execute(DriverCommandExecutor.java:158)
at org.openqa.selenium.remote.RemoteWebDriver.execute(RemoteWebDriver.java:543)
at org.openqa.selenium.remote.ElementLocation$ElementFinder$2.findElement(ElementLocation.java:162)
at org.openqa.selenium.remote.ElementLocation.findElement(ElementLocation.java:60)
at org.openqa.selenium.remote.RemoteWebDriver.findElement(RemoteWebDriver.java:352)
at org.openqa.selenium.remote.RemoteWebDriver.findElement(RemoteWebDriver.java:344)
at com.rediff.qa.testcases.LoginTest.verifyRediffLoginWithValidUsernameAndValidPassword(LoginTest.java:38)
at java.base/jdk.internal.reflect.NativeMethodAccessorImpl.invoke0(Native Method)
at java.base/jdk.internal.reflect.NativeMethodAccessorImpl.invoke(NativeMethodAccessorImpl.java:77)
at java.base/jdk.internal.reflect.DelegatingMethodAccessorImpl.invoke(DelegatingMethodAccessorImpl.java:43)
at java.base/java.lang.reflect.Method.invoke(Method.java:568)
at org.testng.internal.MethodInvocationHelper.invokeMethod(MethodInvocationHelper.java:124)
at org.testng.internal.Invoker.invokeMethod(Invoker.java:583)
at org.testng.internal.Invoker.invokeTestMethod(Invoker.java:719)
at org.testng.internal.Invoker.invokeTestMethods(Invoker.java:989)
at org.testng.internal.TestMethodWorker.invokeTestMethods(TestMethodWorker.java:125)
at org.testng.internal.TestMethodWorker.run(TestMethodWorker.java:109)
at org.testng.TestRunner.privateRun(TestRunner.java:648)
at org.testng.TestRunner.run(TestRunner.java:505)
at org.testng.SuiteRunner.runTest(SuiteRunner.java:455)
at org.testng.SuiteRunner.runSequentially(SuiteRunner.java:450)
at org.testng.SuiteRunner.privateRun(SuiteRunner.java:415)
at org.testng.SuiteRunner.run(SuiteRunner.java:364)
at org.testng.SuiteRunnerWorker.runSuite(SuiteRunnerWorker.java:52)
at org.testng.SuiteRunnerWorker.run(SuiteRunnerWorker.java:84)
at org.testng.TestNG.runSuitesSequentially(TestNG.java:1208)
at org.testng.TestNG.runSuitesLocally(TestNG.java:1137)
at org.testng.TestNG.runSuites(TestNG.java:1049)
at org.testng.TestNG.run(TestNG.java:1017)
at org.testng.remote.AbstractRemoteTestNG.run(AbstractRemoteTestNG.java:115)
at org.testng.remote.RemoteTestNG.initAndRun(RemoteTestNG.java:251)
at org.testng.remote.RemoteTestNG.main(RemoteTestNG.java:77)
]]>
            </full-stacktrace>
          </exception> <!-- org.openqa.selenium.NoSuchElementException -->
          <reporter-output>
          </reporter-output>
        </test-method> <!-- verifyRediffLoginWithValidUsernameAndValidPassword -->
        <test-method is-config="true" signature="tearDown()[pri:0, instance:com.rediff.qa.testcases.LoginTest@3fc9504b]" started-at="2023-04-05T02:09:09Z" name="tearDown" finished-at="2023-04-05T02:09:10Z" duration-ms="178" status="PASS">
          <reporter-output>
          </reporter-output>
        </test-method> <!-- tearDown -->
        <test-method is-config="true" signature="setUp()[pri:0, instance:com.rediff.qa.testcases.LoginTest@3fc9504b]" started-at="2023-04-05T02:09:10Z" name="setUp" finished-at="2023-04-05T02:09:13Z" duration-ms="3624" status="PASS">
          <reporter-output>
          </reporter-output>
        </test-method> <!-- setUp -->
        <test-method signature="verifyRediffLoginWithValidUsernameAndValidPassword(java.lang.String, java.lang.String)[pri:1, instance:com.rediff.qa.testcases.LoginTest@3fc9504b]" started-at="2023-04-05T02:09:13Z" name="verifyRediffLoginWithValidUsernameAndValidPassword" data-provider="RediffExcelDataWithDataProvider" finished-at="2023-04-05T02:09:21Z" duration-ms="7812" status="PASS">
          <params>
            <param index="0">
              <value>
                <![CDATA[Mohamedboudguig@rediffmail.com]]>
              </value>
            </param>
            <param index="1">
              <value>
                <![CDATA[Medbdg0707@]]>
              </value>
            </param>
          </params>
          <reporter-output>
          </reporter-output>
        </test-method> <!-- verifyRediffLoginWithValidUsernameAndValidPassword -->
        <test-method is-config="true" signature="tearDown()[pri:0, instance:com.rediff.qa.testcases.LoginTest@3fc9504b]" started-at="2023-04-05T02:09:21Z" name="tearDown" finished-at="2023-04-05T02:09:21Z" duration-ms="140" status="PASS">
          <reporter-output>
          </reporter-output>
        </test-method> <!-- tearDown -->
      </class> <!-- com.rediff.qa.testcases.LoginTest -->
    </test> <!-- Default test -->
  </suite> <!-- Default suite -->
</testng-results>
